[28-Sep-2024 02:51:00 Europe/Berlin] Database connection successful
[28-Sep-2024 02:51:00 Europe/Berlin] Number of rows in tags: 0
[28-Sep-2024 02:51:00 Europe/Berlin] Number of rows in courses: 0
[28-Sep-2024 02:51:00 Europe/Berlin] Number of rows in sections: 0
[28-Sep-2024 02:51:00 Europe/Berlin] Fetched 0 languages.
[28-Sep-2024 02:51:00 Europe/Berlin] Fetched 0 courses.
[28-Sep-2024 02:51:00 Europe/Berlin] Fetched 0 sections.
[28-Sep-2024 02:51:00 Europe/Berlin] Database connection successful
[28-Sep-2024 02:51:00 Europe/Berlin] Number of rows in tags: 2
[28-Sep-2024 02:51:00 Europe/Berlin] Number of rows in courses: 2
[28-Sep-2024 02:51:00 Europe/Berlin] Number of rows in sections: 5
[28-Sep-2024 02:51:00 Europe/Berlin] Database connection successful
[28-Sep-2024 02:51:00 Europe/Berlin] Number of rows in tags: 2
[28-Sep-2024 02:51:00 Europe/Berlin] Number of rows in courses: 2
[28-Sep-2024 02:51:00 Europe/Berlin] Number of rows in sections: 5
[28-Sep-2024 02:51:38 Europe/Berlin] Database connection successful
[28-Sep-2024 02:51:38 Europe/Berlin] Number of rows in tags: 0
[28-Sep-2024 02:51:38 Europe/Berlin] Number of rows in courses: 0
[28-Sep-2024 02:51:38 Europe/Berlin] Number of rows in sections: 0
[28-Sep-2024 02:51:38 Europe/Berlin] Fetched 0 languages.
[28-Sep-2024 02:51:38 Europe/Berlin] Fetched 0 courses.
[28-Sep-2024 02:51:38 Europe/Berlin] Fetched 0 sections.
[28-Sep-2024 02:51:38 Europe/Berlin] Database connection successful
[28-Sep-2024 02:51:38 Europe/Berlin] Number of rows in tags: 2
[28-Sep-2024 02:51:38 Europe/Berlin] Database connection successful
[28-Sep-2024 02:51:38 Europe/Berlin] Number of rows in courses: 2
[28-Sep-2024 02:51:38 Europe/Berlin] Number of rows in sections: 5
[28-Sep-2024 02:51:38 Europe/Berlin] Number of rows in tags: 2
[28-Sep-2024 02:51:38 Europe/Berlin] Number of rows in courses: 2
[28-Sep-2024 02:51:38 Europe/Berlin] Number of rows in sections: 5
[28-Sep-2024 02:51:38 Europe/Berlin] Database connection successful
[28-Sep-2024 02:51:38 Europe/Berlin] Number of rows in tags: 0
[28-Sep-2024 02:51:38 Europe/Berlin] Number of rows in courses: 0
[28-Sep-2024 02:51:38 Europe/Berlin] Number of rows in sections: 0
[28-Sep-2024 02:51:38 Europe/Berlin] Fetched 0 languages.
[28-Sep-2024 02:51:38 Europe/Berlin] Fetched 0 courses.
[28-Sep-2024 02:51:38 Europe/Berlin] Fetched 0 sections.
[28-Sep-2024 02:51:38 Europe/Berlin] Database connection successful
[28-Sep-2024 02:51:38 Europe/Berlin] Database connection successful
[28-Sep-2024 02:51:38 Europe/Berlin] Number of rows in tags: 2
[28-Sep-2024 02:51:38 Europe/Berlin] Number of rows in courses: 2
[28-Sep-2024 02:51:38 Europe/Berlin] Number of rows in sections: 5
[28-Sep-2024 02:51:38 Europe/Berlin] Number of rows in tags: 2
[28-Sep-2024 02:51:38 Europe/Berlin] Number of rows in courses: 2
[28-Sep-2024 02:51:38 Europe/Berlin] Number of rows in sections: 5
[28-Sep-2024 02:51:39 Europe/Berlin] Database connection successful
[28-Sep-2024 02:51:39 Europe/Berlin] Number of rows in tags: 0
[28-Sep-2024 02:51:39 Europe/Berlin] Number of rows in courses: 0
[28-Sep-2024 02:51:39 Europe/Berlin] Number of rows in sections: 0
[28-Sep-2024 02:51:39 Europe/Berlin] Fetched 0 languages.
[28-Sep-2024 02:51:39 Europe/Berlin] Fetched 0 courses.
[28-Sep-2024 02:51:39 Europe/Berlin] Fetched 0 sections.
[28-Sep-2024 02:51:39 Europe/Berlin] Database connection successful
[28-Sep-2024 02:51:39 Europe/Berlin] Database connection successful
[28-Sep-2024 02:51:39 Europe/Berlin] Number of rows in tags: 2
[28-Sep-2024 02:51:39 Europe/Berlin] Number of rows in courses: 2
[28-Sep-2024 02:51:39 Europe/Berlin] Number of rows in tags: 2
[28-Sep-2024 02:51:39 Europe/Berlin] Number of rows in sections: 5
[28-Sep-2024 02:51:39 Europe/Berlin] Number of rows in courses: 2
[28-Sep-2024 02:51:39 Europe/Berlin] Number of rows in sections: 5
[28-Sep-2024 02:51:39 Europe/Berlin] Database connection successful
[28-Sep-2024 02:51:39 Europe/Berlin] Number of rows in tags: 0
[28-Sep-2024 02:51:39 Europe/Berlin] Number of rows in courses: 0
[28-Sep-2024 02:51:39 Europe/Berlin] Number of rows in sections: 0
[28-Sep-2024 02:51:39 Europe/Berlin] Fetched 0 languages.
[28-Sep-2024 02:51:39 Europe/Berlin] Fetched 0 courses.
[28-Sep-2024 02:51:39 Europe/Berlin] Fetched 0 sections.
[28-Sep-2024 02:51:39 Europe/Berlin] Database connection successful
[28-Sep-2024 02:51:39 Europe/Berlin] Number of rows in tags: 2
[28-Sep-2024 02:51:39 Europe/Berlin] Number of rows in courses: 2
[28-Sep-2024 02:51:39 Europe/Berlin] Number of rows in sections: 5
[28-Sep-2024 02:51:39 Europe/Berlin] Database connection successful
[28-Sep-2024 02:51:39 Europe/Berlin] Number of rows in tags: 2
[28-Sep-2024 02:51:39 Europe/Berlin] Number of rows in courses: 2
[28-Sep-2024 02:51:39 Europe/Berlin] Number of rows in sections: 5
[28-Sep-2024 02:51:39 Europe/Berlin] Database connection successful
[28-Sep-2024 02:51:39 Europe/Berlin] Number of rows in tags: 0
[28-Sep-2024 02:51:39 Europe/Berlin] Number of rows in courses: 0
[28-Sep-2024 02:51:39 Europe/Berlin] Number of rows in sections: 0
[28-Sep-2024 02:51:39 Europe/Berlin] Fetched 0 languages.
[28-Sep-2024 02:51:39 Europe/Berlin] Fetched 0 courses.
[28-Sep-2024 02:51:39 Europe/Berlin] Fetched 0 sections.
[28-Sep-2024 02:51:39 Europe/Berlin] Database connection successful
[28-Sep-2024 02:51:39 Europe/Berlin] Database connection successful
[28-Sep-2024 02:51:39 Europe/Berlin] Number of rows in tags: 2
[28-Sep-2024 02:51:39 Europe/Berlin] Number of rows in tags: 2
[28-Sep-2024 02:51:39 Europe/Berlin] Number of rows in courses: 2
[28-Sep-2024 02:51:39 Europe/Berlin] Number of rows in courses: 2
[28-Sep-2024 02:51:39 Europe/Berlin] Number of rows in sections: 5
[28-Sep-2024 02:51:39 Europe/Berlin] Number of rows in sections: 5
[28-Sep-2024 02:51:39 Europe/Berlin] Database connection successful
[28-Sep-2024 02:51:39 Europe/Berlin] Number of rows in tags: 0
[28-Sep-2024 02:51:39 Europe/Berlin] Number of rows in courses: 0
[28-Sep-2024 02:51:39 Europe/Berlin] Number of rows in sections: 0
[28-Sep-2024 02:51:39 Europe/Berlin] Fetched 0 languages.
[28-Sep-2024 02:51:39 Europe/Berlin] Fetched 0 courses.
[28-Sep-2024 02:51:39 Europe/Berlin] Fetched 0 sections.
[28-Sep-2024 02:51:39 Europe/Berlin] Database connection successful
[28-Sep-2024 02:51:39 Europe/Berlin] Number of rows in tags: 2
[28-Sep-2024 02:51:39 Europe/Berlin] Database connection successful
[28-Sep-2024 02:51:39 Europe/Berlin] Number of rows in courses: 2
[28-Sep-2024 02:51:39 Europe/Berlin] Number of rows in sections: 5
[28-Sep-2024 02:51:39 Europe/Berlin] Number of rows in tags: 2
[28-Sep-2024 02:51:39 Europe/Berlin] Number of rows in courses: 2
[28-Sep-2024 02:51:39 Europe/Berlin] Number of rows in sections: 5
[28-Sep-2024 02:53:01 Europe/Berlin] Database connection successful
[28-Sep-2024 02:53:01 Europe/Berlin] Number of rows in tags: 0
[28-Sep-2024 02:53:01 Europe/Berlin] Number of rows in courses: 0
[28-Sep-2024 02:53:01 Europe/Berlin] Number of rows in sections: 0
[28-Sep-2024 02:53:01 Europe/Berlin] Fetched 0 languages.
[28-Sep-2024 02:53:01 Europe/Berlin] Fetched 0 courses.
[28-Sep-2024 02:53:01 Europe/Berlin] Fetched 0 sections.
[28-Sep-2024 02:53:01 Europe/Berlin] Database connection successful
[28-Sep-2024 02:53:01 Europe/Berlin] Database connection successful
[28-Sep-2024 02:53:01 Europe/Berlin] Number of rows in tags: 2
[28-Sep-2024 02:53:01 Europe/Berlin] Number of rows in courses: 2
[28-Sep-2024 02:53:01 Europe/Berlin] Number of rows in tags: 2
[28-Sep-2024 02:53:01 Europe/Berlin] Number of rows in sections: 5
[28-Sep-2024 02:53:01 Europe/Berlin] Number of rows in courses: 2
[28-Sep-2024 02:53:01 Europe/Berlin] Number of rows in sections: 5
[28-Sep-2024 02:53:02 Europe/Berlin] Database connection successful
[28-Sep-2024 02:53:02 Europe/Berlin] Number of rows in tags: 0
[28-Sep-2024 02:53:02 Europe/Berlin] Number of rows in courses: 0
[28-Sep-2024 02:53:02 Europe/Berlin] Number of rows in sections: 0
[28-Sep-2024 02:53:02 Europe/Berlin] Fetched 0 languages.
[28-Sep-2024 02:53:02 Europe/Berlin] Fetched 0 courses.
[28-Sep-2024 02:53:02 Europe/Berlin] Fetched 0 sections.
[28-Sep-2024 02:53:02 Europe/Berlin] Database connection successful
[28-Sep-2024 02:53:02 Europe/Berlin] Database connection successful
[28-Sep-2024 02:53:02 Europe/Berlin] Number of rows in tags: 2
[28-Sep-2024 02:53:02 Europe/Berlin] Number of rows in tags: 2
[28-Sep-2024 02:53:02 Europe/Berlin] Number of rows in courses: 2
[28-Sep-2024 02:53:02 Europe/Berlin] Number of rows in courses: 2
[28-Sep-2024 02:53:02 Europe/Berlin] Number of rows in sections: 5
[28-Sep-2024 02:53:02 Europe/Berlin] Number of rows in sections: 5
[28-Sep-2024 02:53:02 Europe/Berlin] Database connection successful
[28-Sep-2024 02:53:02 Europe/Berlin] Number of rows in tags: 0
[28-Sep-2024 02:53:02 Europe/Berlin] Number of rows in courses: 0
[28-Sep-2024 02:53:02 Europe/Berlin] Number of rows in sections: 0
[28-Sep-2024 02:53:02 Europe/Berlin] Fetched 0 languages.
[28-Sep-2024 02:53:02 Europe/Berlin] Fetched 0 courses.
[28-Sep-2024 02:53:02 Europe/Berlin] Fetched 0 sections.
[28-Sep-2024 02:53:02 Europe/Berlin] Database connection successful
[28-Sep-2024 02:53:02 Europe/Berlin] Database connection successful
[28-Sep-2024 02:53:02 Europe/Berlin] Number of rows in tags: 2
[28-Sep-2024 02:53:02 Europe/Berlin] Number of rows in courses: 2
[28-Sep-2024 02:53:02 Europe/Berlin] Number of rows in tags: 2
[28-Sep-2024 02:53:02 Europe/Berlin] Number of rows in sections: 5
[28-Sep-2024 02:53:02 Europe/Berlin] Number of rows in courses: 2
[28-Sep-2024 02:53:02 Europe/Berlin] Number of rows in sections: 5
[28-Sep-2024 02:53:02 Europe/Berlin] Database connection successful
[28-Sep-2024 02:53:02 Europe/Berlin] Number of rows in tags: 0
[28-Sep-2024 02:53:02 Europe/Berlin] Number of rows in courses: 0
[28-Sep-2024 02:53:02 Europe/Berlin] Number of rows in sections: 0
[28-Sep-2024 02:53:02 Europe/Berlin] Fetched 0 languages.
[28-Sep-2024 02:53:02 Europe/Berlin] Fetched 0 courses.
[28-Sep-2024 02:53:02 Europe/Berlin] Fetched 0 sections.
[28-Sep-2024 02:53:02 Europe/Berlin] Database connection successful
[28-Sep-2024 02:53:02 Europe/Berlin] Database connection successful
[28-Sep-2024 02:53:02 Europe/Berlin] Number of rows in tags: 2
[28-Sep-2024 02:53:02 Europe/Berlin] Number of rows in tags: 2
[28-Sep-2024 02:53:02 Europe/Berlin] Number of rows in courses: 2
[28-Sep-2024 02:53:02 Europe/Berlin] Number of rows in courses: 2
[28-Sep-2024 02:53:02 Europe/Berlin] Number of rows in sections: 5
[28-Sep-2024 02:53:02 Europe/Berlin] Number of rows in sections: 5
[28-Sep-2024 02:53:02 Europe/Berlin] Database connection successful
[28-Sep-2024 02:53:02 Europe/Berlin] Number of rows in tags: 0
[28-Sep-2024 02:53:02 Europe/Berlin] Number of rows in courses: 0
[28-Sep-2024 02:53:02 Europe/Berlin] Number of rows in sections: 0
[28-Sep-2024 02:53:02 Europe/Berlin] Fetched 0 languages.
[28-Sep-2024 02:53:02 Europe/Berlin] Fetched 0 courses.
[28-Sep-2024 02:53:02 Europe/Berlin] Fetched 0 sections.
[28-Sep-2024 02:53:03 Europe/Berlin] Database connection successful
[28-Sep-2024 02:53:03 Europe/Berlin] Database connection successful
[28-Sep-2024 02:53:03 Europe/Berlin] Number of rows in tags: 2
[28-Sep-2024 02:53:03 Europe/Berlin] Number of rows in tags: 2
[28-Sep-2024 02:53:03 Europe/Berlin] Number of rows in courses: 2
[28-Sep-2024 02:53:03 Europe/Berlin] Number of rows in courses: 2
[28-Sep-2024 02:53:03 Europe/Berlin] Number of rows in sections: 5
[28-Sep-2024 02:53:03 Europe/Berlin] Number of rows in sections: 5
[28-Sep-2024 02:53:03 Europe/Berlin] Database connection successful
[28-Sep-2024 02:53:03 Europe/Berlin] Number of rows in tags: 0
[28-Sep-2024 02:53:03 Europe/Berlin] Number of rows in courses: 0
[28-Sep-2024 02:53:03 Europe/Berlin] Number of rows in sections: 0
[28-Sep-2024 02:53:03 Europe/Berlin] Fetched 0 languages.
[28-Sep-2024 02:53:03 Europe/Berlin] Fetched 0 courses.
[28-Sep-2024 02:53:03 Europe/Berlin] Fetched 0 sections.
[28-Sep-2024 02:53:03 Europe/Berlin] Database connection successful
[28-Sep-2024 02:53:03 Europe/Berlin] Database connection successful
[28-Sep-2024 02:53:03 Europe/Berlin] Number of rows in tags: 2
[28-Sep-2024 02:53:03 Europe/Berlin] Number of rows in courses: 2
[28-Sep-2024 02:53:03 Europe/Berlin] Number of rows in sections: 5
[28-Sep-2024 02:53:03 Europe/Berlin] Number of rows in tags: 2
[28-Sep-2024 02:53:03 Europe/Berlin] Number of rows in courses: 2
[28-Sep-2024 02:53:03 Europe/Berlin] Number of rows in sections: 5
[28-Sep-2024 02:53:03 Europe/Berlin] Database connection successful
[28-Sep-2024 02:53:03 Europe/Berlin] Number of rows in tags: 0
[28-Sep-2024 02:53:03 Europe/Berlin] Number of rows in courses: 0
[28-Sep-2024 02:53:03 Europe/Berlin] Number of rows in sections: 0
[28-Sep-2024 02:53:03 Europe/Berlin] Fetched 0 languages.
[28-Sep-2024 02:53:03 Europe/Berlin] Fetched 0 courses.
[28-Sep-2024 02:53:03 Europe/Berlin] Fetched 0 sections.
[28-Sep-2024 02:53:03 Europe/Berlin] Database connection successful
[28-Sep-2024 02:53:03 Europe/Berlin] Database connection successful
[28-Sep-2024 02:53:03 Europe/Berlin] Number of rows in tags: 2
[28-Sep-2024 02:53:03 Europe/Berlin] Number of rows in tags: 2
[28-Sep-2024 02:53:03 Europe/Berlin] Number of rows in courses: 2
[28-Sep-2024 02:53:03 Europe/Berlin] Number of rows in courses: 2
[28-Sep-2024 02:53:03 Europe/Berlin] Number of rows in sections: 5
[28-Sep-2024 02:53:03 Europe/Berlin] Number of rows in sections: 5
[28-Sep-2024 02:53:03 Europe/Berlin] Database connection successful
[28-Sep-2024 02:53:03 Europe/Berlin] Number of rows in tags: 0
[28-Sep-2024 02:53:03 Europe/Berlin] Number of rows in courses: 0
[28-Sep-2024 02:53:03 Europe/Berlin] Number of rows in sections: 0
[28-Sep-2024 02:53:03 Europe/Berlin] Fetched 0 languages.
[28-Sep-2024 02:53:03 Europe/Berlin] Fetched 0 courses.
[28-Sep-2024 02:53:03 Europe/Berlin] Fetched 0 sections.
[28-Sep-2024 02:53:03 Europe/Berlin] Database connection successful
[28-Sep-2024 02:53:03 Europe/Berlin] Database connection successful
[28-Sep-2024 02:53:03 Europe/Berlin] Number of rows in tags: 2
[28-Sep-2024 02:53:03 Europe/Berlin] Number of rows in tags: 2
[28-Sep-2024 02:53:03 Europe/Berlin] Number of rows in courses: 2
[28-Sep-2024 02:53:03 Europe/Berlin] Number of rows in courses: 2
[28-Sep-2024 02:53:03 Europe/Berlin] Number of rows in sections: 5
[28-Sep-2024 02:53:03 Europe/Berlin] Number of rows in sections: 5
[28-Sep-2024 02:54:40 Europe/Berlin] Database connection successful
[28-Sep-2024 02:54:40 Europe/Berlin] Number of rows in tags: 0
[28-Sep-2024 02:54:40 Europe/Berlin] Number of rows in courses: 0
[28-Sep-2024 02:54:40 Europe/Berlin] Number of rows in sections: 0
[28-Sep-2024 02:54:40 Europe/Berlin] Fetched 0 languages.
[28-Sep-2024 02:54:40 Europe/Berlin] Fetched 0 courses.
[28-Sep-2024 02:54:40 Europe/Berlin] Fetched 0 sections.
[28-Sep-2024 02:54:40 Europe/Berlin] Database connection successful
[28-Sep-2024 02:54:40 Europe/Berlin] Number of rows in tags: 2
[28-Sep-2024 02:54:40 Europe/Berlin] Number of rows in courses: 2
[28-Sep-2024 02:54:40 Europe/Berlin] Number of rows in sections: 5
[28-Sep-2024 02:54:40 Europe/Berlin] Database connection successful
[28-Sep-2024 02:54:40 Europe/Berlin] Number of rows in tags: 2
[28-Sep-2024 02:54:40 Europe/Berlin] Number of rows in courses: 2
[28-Sep-2024 02:54:40 Europe/Berlin] Number of rows in sections: 5
[28-Sep-2024 02:54:41 Europe/Berlin] Database connection successful
[28-Sep-2024 02:54:41 Europe/Berlin] Number of rows in tags: 0
[28-Sep-2024 02:54:41 Europe/Berlin] Number of rows in courses: 0
[28-Sep-2024 02:54:41 Europe/Berlin] Number of rows in sections: 0
[28-Sep-2024 02:54:41 Europe/Berlin] Fetched 0 languages.
[28-Sep-2024 02:54:41 Europe/Berlin] Fetched 0 courses.
[28-Sep-2024 02:54:41 Europe/Berlin] Fetched 0 sections.
[28-Sep-2024 02:54:41 Europe/Berlin] Database connection successful
[28-Sep-2024 02:54:41 Europe/Berlin] Number of rows in tags: 2
[28-Sep-2024 02:54:41 Europe/Berlin] Database connection successful
[28-Sep-2024 02:54:41 Europe/Berlin] Number of rows in courses: 2
[28-Sep-2024 02:54:41 Europe/Berlin] Number of rows in sections: 5
[28-Sep-2024 02:54:41 Europe/Berlin] Number of rows in tags: 2
[28-Sep-2024 02:54:41 Europe/Berlin] Number of rows in courses: 2
[28-Sep-2024 02:54:41 Europe/Berlin] Number of rows in sections: 5
[28-Sep-2024 02:54:41 Europe/Berlin] Database connection successful
[28-Sep-2024 02:54:41 Europe/Berlin] Number of rows in tags: 0
[28-Sep-2024 02:54:41 Europe/Berlin] Number of rows in courses: 0
[28-Sep-2024 02:54:41 Europe/Berlin] Number of rows in sections: 0
[28-Sep-2024 02:54:41 Europe/Berlin] Fetched 0 languages.
[28-Sep-2024 02:54:41 Europe/Berlin] Fetched 0 courses.
[28-Sep-2024 02:54:41 Europe/Berlin] Fetched 0 sections.
[28-Sep-2024 02:54:41 Europe/Berlin] Database connection successful
[28-Sep-2024 02:54:41 Europe/Berlin] Database connection successful
[28-Sep-2024 02:54:41 Europe/Berlin] Number of rows in tags: 2
[28-Sep-2024 02:54:41 Europe/Berlin] Number of rows in courses: 2
[28-Sep-2024 02:54:41 Europe/Berlin] Number of rows in tags: 2
[28-Sep-2024 02:54:41 Europe/Berlin] Number of rows in sections: 5
[28-Sep-2024 02:54:41 Europe/Berlin] Number of rows in courses: 2
[28-Sep-2024 02:54:41 Europe/Berlin] Number of rows in sections: 5
[28-Sep-2024 02:54:41 Europe/Berlin] Database connection successful
[28-Sep-2024 02:54:41 Europe/Berlin] Number of rows in tags: 0
[28-Sep-2024 02:54:41 Europe/Berlin] Number of rows in courses: 0
[28-Sep-2024 02:54:41 Europe/Berlin] Number of rows in sections: 0
[28-Sep-2024 02:54:41 Europe/Berlin] Fetched 0 languages.
[28-Sep-2024 02:54:42 Europe/Berlin] Fetched 0 courses.
[28-Sep-2024 02:54:42 Europe/Berlin] Fetched 0 sections.
[28-Sep-2024 02:54:42 Europe/Berlin] Database connection successful
[28-Sep-2024 02:54:42 Europe/Berlin] Database connection successful
[28-Sep-2024 02:54:42 Europe/Berlin] Number of rows in tags: 2
[28-Sep-2024 02:54:42 Europe/Berlin] Number of rows in courses: 2
[28-Sep-2024 02:54:42 Europe/Berlin] Number of rows in sections: 5
[28-Sep-2024 02:54:42 Europe/Berlin] Number of rows in tags: 2
[28-Sep-2024 02:54:42 Europe/Berlin] Number of rows in courses: 2
[28-Sep-2024 02:54:42 Europe/Berlin] Number of rows in sections: 5
[28-Sep-2024 02:54:42 Europe/Berlin] Database connection successful
[28-Sep-2024 02:54:42 Europe/Berlin] Number of rows in tags: 0
[28-Sep-2024 02:54:42 Europe/Berlin] Number of rows in courses: 0
[28-Sep-2024 02:54:42 Europe/Berlin] Number of rows in sections: 0
[28-Sep-2024 02:54:42 Europe/Berlin] Fetched 0 languages.
[28-Sep-2024 02:54:42 Europe/Berlin] Fetched 0 courses.
[28-Sep-2024 02:54:42 Europe/Berlin] Fetched 0 sections.
[28-Sep-2024 02:54:42 Europe/Berlin] Database connection successful
[28-Sep-2024 02:54:42 Europe/Berlin] Number of rows in tags: 2
[28-Sep-2024 02:54:42 Europe/Berlin] Number of rows in courses: 2
[28-Sep-2024 02:54:42 Europe/Berlin] Number of rows in sections: 5
[28-Sep-2024 02:54:42 Europe/Berlin] Database connection successful
[28-Sep-2024 02:54:42 Europe/Berlin] Number of rows in tags: 2
[28-Sep-2024 02:54:42 Europe/Berlin] Number of rows in courses: 2
[28-Sep-2024 02:54:42 Europe/Berlin] Number of rows in sections: 5
[28-Sep-2024 02:56:21 Europe/Berlin] Database connection successful
[28-Sep-2024 02:56:21 Europe/Berlin] Number of rows in tags: 0
[28-Sep-2024 02:56:21 Europe/Berlin] Number of rows in courses: 0
[28-Sep-2024 02:56:21 Europe/Berlin] Number of rows in sections: 0
[28-Sep-2024 02:56:21 Europe/Berlin] PHP Warning:  Undefined variable $languages in D:\server\htdocs\you\search\search_operations.php on line 45
[28-Sep-2024 02:56:21 Europe/Berlin] PHP Fatal error:  Uncaught TypeError: count(): Argument #1 ($value) must be of type Countable|array, null given in D:\server\htdocs\you\search\search_operations.php:45
Stack trace:
#0 D:\server\htdocs\you\search.php(8): getLanguages()
#1 {main}
  thrown in D:\server\htdocs\you\search\search_operations.php on line 45
[28-Sep-2024 02:56:23 Europe/Berlin] Database connection successful
[28-Sep-2024 02:56:23 Europe/Berlin] Number of rows in tags: 0
[28-Sep-2024 02:56:23 Europe/Berlin] Number of rows in courses: 0
[28-Sep-2024 02:56:23 Europe/Berlin] Number of rows in sections: 0
[28-Sep-2024 02:56:23 Europe/Berlin] PHP Warning:  Undefined variable $languages in D:\server\htdocs\you\search\search_operations.php on line 45
[28-Sep-2024 02:56:23 Europe/Berlin] PHP Fatal error:  Uncaught TypeError: count(): Argument #1 ($value) must be of type Countable|array, null given in D:\server\htdocs\you\search\search_operations.php:45
Stack trace:
#0 D:\server\htdocs\you\search.php(8): getLanguages()
#1 {main}
  thrown in D:\server\htdocs\you\search\search_operations.php on line 45
[28-Sep-2024 02:56:42 Europe/Berlin] Database connection successful
[28-Sep-2024 02:56:42 Europe/Berlin] Number of rows in tags: 0
[28-Sep-2024 02:56:42 Europe/Berlin] Number of rows in courses: 0
[28-Sep-2024 02:56:42 Europe/Berlin] Number of rows in sections: 0
[28-Sep-2024 02:56:42 Europe/Berlin] Fetched 0 languages.
[28-Sep-2024 02:56:42 Europe/Berlin] Fetched 0 courses.
[28-Sep-2024 02:56:42 Europe/Berlin] Fetched 0 sections.
[28-Sep-2024 02:56:42 Europe/Berlin] Database connection successful
[28-Sep-2024 02:56:42 Europe/Berlin] Number of rows in tags: 2
[28-Sep-2024 02:56:42 Europe/Berlin] Number of rows in courses: 2
[28-Sep-2024 02:56:42 Europe/Berlin] Number of rows in sections: 5
[28-Sep-2024 02:56:42 Europe/Berlin] Database connection successful
[28-Sep-2024 02:56:42 Europe/Berlin] Number of rows in tags: 2
[28-Sep-2024 02:56:42 Europe/Berlin] Number of rows in courses: 2
[28-Sep-2024 02:56:42 Europe/Berlin] Number of rows in sections: 5
[28-Sep-2024 08:41:18 Europe/Berlin] Database connection successful
[28-Sep-2024 08:41:18 Europe/Berlin] Number of rows in tags: 0
[28-Sep-2024 08:41:18 Europe/Berlin] Number of rows in courses: 0
[28-Sep-2024 08:41:18 Europe/Berlin] Number of rows in sections: 0
[28-Sep-2024 08:41:18 Europe/Berlin] Fetched 0 languages.
[28-Sep-2024 08:41:18 Europe/Berlin] Fetched 0 courses.
[28-Sep-2024 08:41:18 Europe/Berlin] Fetched 0 sections.
[28-Sep-2024 08:41:18 Europe/Berlin] Database connection successful
[28-Sep-2024 08:41:18 Europe/Berlin] Number of rows in tags: 2
[28-Sep-2024 08:41:18 Europe/Berlin] Number of rows in courses: 2
[28-Sep-2024 08:41:18 Europe/Berlin] Number of rows in sections: 5
[28-Sep-2024 08:41:18 Europe/Berlin] Database connection successful
[28-Sep-2024 08:41:18 Europe/Berlin] Number of rows in tags: 2
[28-Sep-2024 08:41:18 Europe/Berlin] Number of rows in courses: 2
[28-Sep-2024 08:41:18 Europe/Berlin] Number of rows in sections: 5
[28-Sep-2024 08:41:45 Europe/Berlin] Database connection successful
[28-Sep-2024 08:41:45 Europe/Berlin] Number of rows in tags: 0
[28-Sep-2024 08:41:45 Europe/Berlin] Number of rows in courses: 0
[28-Sep-2024 08:41:45 Europe/Berlin] Number of rows in sections: 0
[28-Sep-2024 08:41:45 Europe/Berlin] Fetched 0 languages.
[28-Sep-2024 08:41:45 Europe/Berlin] Fetched 0 courses.
[28-Sep-2024 08:41:45 Europe/Berlin] Fetched 0 sections.
[28-Sep-2024 08:41:45 Europe/Berlin] Database connection successful
[28-Sep-2024 08:41:45 Europe/Berlin] Number of rows in tags: 2
[28-Sep-2024 08:41:45 Europe/Berlin] Database connection successful
[28-Sep-2024 08:41:45 Europe/Berlin] Number of rows in courses: 2
[28-Sep-2024 08:41:45 Europe/Berlin] Number of rows in sections: 5
[28-Sep-2024 08:41:45 Europe/Berlin] Number of rows in tags: 2
[28-Sep-2024 08:41:45 Europe/Berlin] Number of rows in courses: 2
[28-Sep-2024 08:41:45 Europe/Berlin] Number of rows in sections: 5
[28-Sep-2024 08:49:02 Europe/Berlin] Database connection successful
[28-Sep-2024 08:49:02 Europe/Berlin] Number of rows in tags: 0
[28-Sep-2024 08:49:02 Europe/Berlin] Number of rows in courses: 0
[28-Sep-2024 08:49:02 Europe/Berlin] Number of rows in sections: 0
[28-Sep-2024 08:49:02 Europe/Berlin] Fetched 0 languages.
[28-Sep-2024 08:49:02 Europe/Berlin] Fetched 0 courses.
[28-Sep-2024 08:49:02 Europe/Berlin] Fetched 0 sections.
[28-Sep-2024 08:49:02 Europe/Berlin] Database connection successful
[28-Sep-2024 08:49:02 Europe/Berlin] Number of rows in tags: 2
[28-Sep-2024 08:49:02 Europe/Berlin] Number of rows in courses: 2
[28-Sep-2024 08:49:02 Europe/Berlin] Database connection successful
[28-Sep-2024 08:49:02 Europe/Berlin] Number of rows in sections: 5
[28-Sep-2024 08:49:02 Europe/Berlin] Number of rows in tags: 2
[28-Sep-2024 08:49:02 Europe/Berlin] Number of rows in courses: 2
[28-Sep-2024 08:49:02 Europe/Berlin] Number of rows in sections: 5
[28-Sep-2024 08:49:24 Europe/Berlin] Database connection successful
[28-Sep-2024 08:49:24 Europe/Berlin] Number of rows in tags: 0
[28-Sep-2024 08:49:24 Europe/Berlin] Number of rows in courses: 0
[28-Sep-2024 08:49:24 Europe/Berlin] Number of rows in sections: 0
[28-Sep-2024 08:49:24 Europe/Berlin] Fetched 0 languages.
[28-Sep-2024 08:49:24 Europe/Berlin] Fetched 0 courses.
[28-Sep-2024 08:49:24 Europe/Berlin] Fetched 0 sections.
[28-Sep-2024 08:49:24 Europe/Berlin] Database connection successful
[28-Sep-2024 08:49:24 Europe/Berlin] Number of rows in tags: 2
[28-Sep-2024 08:49:24 Europe/Berlin] Number of rows in courses: 2
[28-Sep-2024 08:49:24 Europe/Berlin] Number of rows in sections: 5
[28-Sep-2024 08:49:24 Europe/Berlin] Database connection successful
[28-Sep-2024 08:49:24 Europe/Berlin] Number of rows in tags: 2
[28-Sep-2024 08:49:24 Europe/Berlin] Number of rows in courses: 2
[28-Sep-2024 08:49:24 Europe/Berlin] Number of rows in sections: 5
[28-Sep-2024 08:49:46 Europe/Berlin] Database connection successful
[28-Sep-2024 08:49:46 Europe/Berlin] Number of rows in tags: 0
[28-Sep-2024 08:49:46 Europe/Berlin] Number of rows in courses: 0
[28-Sep-2024 08:49:46 Europe/Berlin] Number of rows in sections: 0
[28-Sep-2024 08:49:46 Europe/Berlin] Fetched 0 languages.
[28-Sep-2024 08:49:46 Europe/Berlin] Fetched 0 courses.
[28-Sep-2024 08:49:46 Europe/Berlin] Fetched 0 sections.
[28-Sep-2024 08:49:47 Europe/Berlin] Database connection successful
[28-Sep-2024 08:49:47 Europe/Berlin] Number of rows in tags: 2
[28-Sep-2024 08:49:47 Europe/Berlin] Database connection successful
[28-Sep-2024 08:49:47 Europe/Berlin] Number of rows in courses: 2
[28-Sep-2024 08:49:47 Europe/Berlin] Number of rows in sections: 5
[28-Sep-2024 08:49:47 Europe/Berlin] Number of rows in tags: 2
[28-Sep-2024 08:49:47 Europe/Berlin] Number of rows in courses: 2
[28-Sep-2024 08:49:47 Europe/Berlin] Number of rows in sections: 5
[28-Sep-2024 08:50:11 Europe/Berlin] Database connection successful
[28-Sep-2024 08:50:11 Europe/Berlin] Number of rows in tags: 0
[28-Sep-2024 08:50:11 Europe/Berlin] Number of rows in courses: 0
[28-Sep-2024 08:50:11 Europe/Berlin] Number of rows in sections: 0
[28-Sep-2024 08:50:11 Europe/Berlin] Fetched 0 languages.
[28-Sep-2024 08:50:11 Europe/Berlin] Fetched 0 courses.
[28-Sep-2024 08:50:11 Europe/Berlin] Fetched 0 sections.
[28-Sep-2024 08:50:13 Europe/Berlin] Database connection successful
[28-Sep-2024 08:50:13 Europe/Berlin] Database connection successful
[28-Sep-2024 08:50:13 Europe/Berlin] Number of rows in tags: 2
[28-Sep-2024 08:50:13 Europe/Berlin] Number of rows in courses: 2
[28-Sep-2024 08:50:13 Europe/Berlin] Number of rows in sections: 5
[28-Sep-2024 08:50:13 Europe/Berlin] Number of rows in tags: 2
[28-Sep-2024 08:50:13 Europe/Berlin] Number of rows in courses: 2
[28-Sep-2024 08:50:13 Europe/Berlin] Number of rows in sections: 5
[28-Sep-2024 08:53:03 Europe/Berlin] Database connection successful
[28-Sep-2024 08:53:03 Europe/Berlin] Number of rows in tags: 0
[28-Sep-2024 08:53:03 Europe/Berlin] Number of rows in courses: 0
[28-Sep-2024 08:53:03 Europe/Berlin] Number of rows in sections: 0
[28-Sep-2024 08:53:03 Europe/Berlin] Fetched 0 languages.
[28-Sep-2024 08:53:03 Europe/Berlin] Fetched 0 courses.
[28-Sep-2024 08:53:03 Europe/Berlin] Fetched 0 sections.
[28-Sep-2024 08:53:03 Europe/Berlin] Database connection successful
[28-Sep-2024 08:53:03 Europe/Berlin] Number of rows in tags: 2
[28-Sep-2024 08:53:03 Europe/Berlin] Number of rows in courses: 2
[28-Sep-2024 08:53:03 Europe/Berlin] Number of rows in sections: 5
[28-Sep-2024 08:53:10 Europe/Berlin] Database connection successful
[28-Sep-2024 08:53:10 Europe/Berlin] Number of rows in tags: 2
[28-Sep-2024 08:53:10 Europe/Berlin] Number of rows in courses: 2
[28-Sep-2024 08:53:10 Europe/Berlin] Number of rows in sections: 5
[28-Sep-2024 08:53:12 Europe/Berlin] Database connection successful
[28-Sep-2024 08:53:12 Europe/Berlin] Number of rows in tags: 2
[28-Sep-2024 08:53:12 Europe/Berlin] Number of rows in courses: 2
[28-Sep-2024 08:53:12 Europe/Berlin] Number of rows in sections: 5
[28-Sep-2024 08:53:16 Europe/Berlin] Database connection successful
[28-Sep-2024 08:53:16 Europe/Berlin] Number of rows in tags: 2
[28-Sep-2024 08:53:16 Europe/Berlin] Number of rows in courses: 2
[28-Sep-2024 08:53:16 Europe/Berlin] Number of rows in sections: 5
[28-Sep-2024 08:53:17 Europe/Berlin] Database connection successful
[28-Sep-2024 08:53:17 Europe/Berlin] Number of rows in tags: 2
[28-Sep-2024 08:53:17 Europe/Berlin] Number of rows in courses: 2
[28-Sep-2024 08:53:17 Europe/Berlin] Number of rows in sections: 5
[29-Sep-2024 14:07:12 Europe/Berlin] Database connection successful
[29-Sep-2024 14:07:12 Europe/Berlin] Number of rows in tags: 0
[29-Sep-2024 14:07:12 Europe/Berlin] Number of rows in courses: 0
[29-Sep-2024 14:07:12 Europe/Berlin] Number of rows in sections: 0
[29-Sep-2024 14:07:12 Europe/Berlin] Fetched 0 languages.
[29-Sep-2024 14:07:12 Europe/Berlin] Fetched 0 courses.
[29-Sep-2024 14:07:12 Europe/Berlin] Fetched 0 sections.
[29-Sep-2024 14:07:12 Europe/Berlin] Database connection successful
[29-Sep-2024 14:07:12 Europe/Berlin] Number of rows in tags: 2
[29-Sep-2024 14:07:12 Europe/Berlin] Number of rows in courses: 2
[29-Sep-2024 14:07:12 Europe/Berlin] Number of rows in sections: 5
[29-Sep-2024 14:16:27 Europe/Berlin] Database connection successful
[29-Sep-2024 14:16:27 Europe/Berlin] Number of rows in tags: 0
[29-Sep-2024 14:16:27 Europe/Berlin] Number of rows in courses: 0
[29-Sep-2024 14:16:27 Europe/Berlin] Number of rows in sections: 0
[29-Sep-2024 14:16:27 Europe/Berlin] Number of rows in lessons: 0
[29-Sep-2024 14:16:27 Europe/Berlin] Fetched 0 languages.
[29-Sep-2024 14:16:27 Europe/Berlin] Fetched 0 courses.
[29-Sep-2024 14:16:27 Europe/Berlin] Fetched 0 sections.
[29-Sep-2024 14:16:27 Europe/Berlin] Database connection successful
[29-Sep-2024 14:16:27 Europe/Berlin] Number of rows in tags: 2
[29-Sep-2024 14:16:27 Europe/Berlin] Number of rows in courses: 2
[29-Sep-2024 14:16:27 Europe/Berlin] Number of rows in sections: 5
[29-Sep-2024 14:16:27 Europe/Berlin] Number of rows in lessons: 62
[29-Sep-2024 14:17:03 Europe/Berlin] Database connection successful
[29-Sep-2024 14:17:03 Europe/Berlin] Number of rows in tags: 2
[29-Sep-2024 14:17:03 Europe/Berlin] Number of rows in courses: 2
[29-Sep-2024 14:17:03 Europe/Berlin] Number of rows in sections: 5
[29-Sep-2024 14:17:03 Europe/Berlin] Number of rows in lessons: 62
[29-Sep-2024 14:17:03 Europe/Berlin] Fetched 2 languages.
[29-Sep-2024 14:17:03 Europe/Berlin] Fetched 2 courses.
[29-Sep-2024 14:17:03 Europe/Berlin] Fetched 5 sections.
[29-Sep-2024 14:17:03 Europe/Berlin] Database connection successful
[29-Sep-2024 14:17:03 Europe/Berlin] Number of rows in tags: 2
[29-Sep-2024 14:17:03 Europe/Berlin] Number of rows in courses: 2
[29-Sep-2024 14:17:03 Europe/Berlin] Number of rows in sections: 5
[29-Sep-2024 14:17:03 Europe/Berlin] Number of rows in lessons: 62
[29-Sep-2024 14:17:12 Europe/Berlin] Database connection successful
[29-Sep-2024 14:17:12 Europe/Berlin] Number of rows in tags: 2
[29-Sep-2024 14:17:12 Europe/Berlin] Number of rows in courses: 2
[29-Sep-2024 14:17:13 Europe/Berlin] Number of rows in sections: 5
[29-Sep-2024 14:17:13 Europe/Berlin] Number of rows in lessons: 62
[29-Sep-2024 14:17:20 Europe/Berlin] Database connection successful
[29-Sep-2024 14:17:20 Europe/Berlin] Number of rows in tags: 2
[29-Sep-2024 14:17:20 Europe/Berlin] Number of rows in courses: 2
[29-Sep-2024 14:17:20 Europe/Berlin] Number of rows in sections: 5
[29-Sep-2024 14:17:20 Europe/Berlin] Number of rows in lessons: 62
[29-Sep-2024 14:17:20 Europe/Berlin] Database connection successful
[29-Sep-2024 14:17:20 Europe/Berlin] Number of rows in tags: 2
[29-Sep-2024 14:17:20 Europe/Berlin] Number of rows in courses: 2
[29-Sep-2024 14:17:20 Europe/Berlin] Number of rows in sections: 5
[29-Sep-2024 14:17:20 Europe/Berlin] Number of rows in lessons: 62
[29-Sep-2024 14:17:21 Europe/Berlin] Database connection successful
[29-Sep-2024 14:17:21 Europe/Berlin] Number of rows in tags: 2
[29-Sep-2024 14:17:21 Europe/Berlin] Number of rows in courses: 2
[29-Sep-2024 14:17:21 Europe/Berlin] Number of rows in sections: 5
[29-Sep-2024 14:17:21 Europe/Berlin] Number of rows in lessons: 62
[29-Sep-2024 14:17:22 Europe/Berlin] Database connection successful
[29-Sep-2024 14:17:22 Europe/Berlin] Number of rows in tags: 2
[29-Sep-2024 14:17:22 Europe/Berlin] Number of rows in courses: 2
[29-Sep-2024 14:17:22 Europe/Berlin] Number of rows in sections: 5
[29-Sep-2024 14:17:22 Europe/Berlin] Number of rows in lessons: 62
[29-Sep-2024 14:17:23 Europe/Berlin] Database connection successful
[29-Sep-2024 14:17:23 Europe/Berlin] Number of rows in tags: 2
[29-Sep-2024 14:17:23 Europe/Berlin] Number of rows in courses: 2
[29-Sep-2024 14:17:23 Europe/Berlin] Number of rows in sections: 5
[29-Sep-2024 14:17:23 Europe/Berlin] Number of rows in lessons: 62
[29-Sep-2024 14:17:24 Europe/Berlin] Database connection successful
[29-Sep-2024 14:17:24 Europe/Berlin] Number of rows in tags: 2
[29-Sep-2024 14:17:24 Europe/Berlin] Number of rows in courses: 2
[29-Sep-2024 14:17:24 Europe/Berlin] Number of rows in sections: 5
[29-Sep-2024 14:17:24 Europe/Berlin] Number of rows in lessons: 62
[29-Sep-2024 14:17:28 Europe/Berlin] Database connection successful
[29-Sep-2024 14:17:28 Europe/Berlin] Number of rows in tags: 2
[29-Sep-2024 14:17:28 Europe/Berlin] Number of rows in courses: 2
[29-Sep-2024 14:17:28 Europe/Berlin] Number of rows in sections: 5
[29-Sep-2024 14:17:28 Europe/Berlin] Number of rows in lessons: 62
[29-Sep-2024 14:17:28 Europe/Berlin] Database connection successful
[29-Sep-2024 14:17:28 Europe/Berlin] Number of rows in tags: 2
[29-Sep-2024 14:17:28 Europe/Berlin] Number of rows in courses: 2
[29-Sep-2024 14:17:28 Europe/Berlin] Number of rows in sections: 5
[29-Sep-2024 14:17:28 Europe/Berlin] Number of rows in lessons: 62
[29-Sep-2024 14:17:32 Europe/Berlin] Database connection successful
[29-Sep-2024 14:17:32 Europe/Berlin] Number of rows in tags: 2
[29-Sep-2024 14:17:32 Europe/Berlin] Number of rows in courses: 2
[29-Sep-2024 14:17:32 Europe/Berlin] Number of rows in sections: 5
[29-Sep-2024 14:17:32 Europe/Berlin] Number of rows in lessons: 62
[29-Sep-2024 14:17:33 Europe/Berlin] Database connection successful
[29-Sep-2024 14:17:33 Europe/Berlin] Number of rows in tags: 2
[29-Sep-2024 14:17:33 Europe/Berlin] Number of rows in courses: 2
[29-Sep-2024 14:17:33 Europe/Berlin] Number of rows in sections: 5
[29-Sep-2024 14:17:33 Europe/Berlin] Number of rows in lessons: 62
[29-Sep-2024 14:17:39 Europe/Berlin] Database connection successful
[29-Sep-2024 14:17:39 Europe/Berlin] Number of rows in tags: 2
[29-Sep-2024 14:17:39 Europe/Berlin] Number of rows in courses: 2
[29-Sep-2024 14:17:39 Europe/Berlin] Number of rows in sections: 5
[29-Sep-2024 14:17:39 Europe/Berlin] Number of rows in lessons: 62
[29-Sep-2024 14:17:48 Europe/Berlin] Database connection successful
[29-Sep-2024 14:17:48 Europe/Berlin] Number of rows in tags: 2
[29-Sep-2024 14:17:48 Europe/Berlin] Number of rows in courses: 2
[29-Sep-2024 14:17:48 Europe/Berlin] Number of rows in sections: 5
[29-Sep-2024 14:17:48 Europe/Berlin] Number of rows in lessons: 62
[29-Sep-2024 14:17:52 Europe/Berlin] Database connection successful
[29-Sep-2024 14:17:52 Europe/Berlin] Number of rows in tags: 2
[29-Sep-2024 14:17:52 Europe/Berlin] Number of rows in courses: 2
[29-Sep-2024 14:17:52 Europe/Berlin] Number of rows in sections: 5
[29-Sep-2024 14:17:52 Europe/Berlin] Number of rows in lessons: 62
[29-Sep-2024 14:17:53 Europe/Berlin] Database connection successful
[29-Sep-2024 14:17:53 Europe/Berlin] Number of rows in tags: 2
[29-Sep-2024 14:17:53 Europe/Berlin] Number of rows in courses: 2
[29-Sep-2024 14:17:53 Europe/Berlin] Number of rows in sections: 5
[29-Sep-2024 14:17:53 Europe/Berlin] Number of rows in lessons: 62
[29-Sep-2024 14:18:36 Europe/Berlin] Database connection successful
[29-Sep-2024 14:18:36 Europe/Berlin] Number of rows in tags: 2
[29-Sep-2024 14:18:36 Europe/Berlin] Number of rows in courses: 2
[29-Sep-2024 14:18:36 Europe/Berlin] Number of rows in sections: 5
[29-Sep-2024 14:18:36 Europe/Berlin] Number of rows in lessons: 62
[29-Sep-2024 14:18:37 Europe/Berlin] Database connection successful
[29-Sep-2024 14:18:37 Europe/Berlin] Number of rows in tags: 2
[29-Sep-2024 14:18:37 Europe/Berlin] Number of rows in courses: 2
[29-Sep-2024 14:18:37 Europe/Berlin] Number of rows in sections: 5
[29-Sep-2024 14:18:37 Europe/Berlin] Number of rows in lessons: 62
[29-Sep-2024 14:18:46 Europe/Berlin] Database connection successful
[29-Sep-2024 14:18:46 Europe/Berlin] Number of rows in tags: 2
[29-Sep-2024 14:18:46 Europe/Berlin] Number of rows in courses: 2
[29-Sep-2024 14:18:46 Europe/Berlin] Number of rows in sections: 5
[29-Sep-2024 14:18:46 Europe/Berlin] Number of rows in lessons: 62
[29-Sep-2024 14:18:46 Europe/Berlin] Database connection successful
[29-Sep-2024 14:18:46 Europe/Berlin] Number of rows in tags: 2
[29-Sep-2024 14:18:46 Europe/Berlin] Number of rows in courses: 2
[29-Sep-2024 14:18:46 Europe/Berlin] Number of rows in sections: 5
[29-Sep-2024 14:18:46 Europe/Berlin] Number of rows in lessons: 62
[29-Sep-2024 14:18:47 Europe/Berlin] Database connection successful
[29-Sep-2024 14:18:47 Europe/Berlin] Number of rows in tags: 2
[29-Sep-2024 14:18:47 Europe/Berlin] Number of rows in courses: 2
[29-Sep-2024 14:18:47 Europe/Berlin] Number of rows in sections: 5
[29-Sep-2024 14:18:47 Europe/Berlin] Number of rows in lessons: 62
[29-Sep-2024 14:18:47 Europe/Berlin] Database connection successful
[29-Sep-2024 14:18:47 Europe/Berlin] Number of rows in tags: 2
[29-Sep-2024 14:18:47 Europe/Berlin] Number of rows in courses: 2
[29-Sep-2024 14:18:47 Europe/Berlin] Number of rows in sections: 5
[29-Sep-2024 14:18:47 Europe/Berlin] Number of rows in lessons: 62
[29-Sep-2024 14:18:47 Europe/Berlin] Database connection successful
[29-Sep-2024 14:18:47 Europe/Berlin] Number of rows in tags: 2
[29-Sep-2024 14:18:47 Europe/Berlin] Number of rows in courses: 2
[29-Sep-2024 14:18:47 Europe/Berlin] Number of rows in sections: 5
[29-Sep-2024 14:18:47 Europe/Berlin] Number of rows in lessons: 62
[29-Sep-2024 14:18:48 Europe/Berlin] Database connection successful
[29-Sep-2024 14:18:48 Europe/Berlin] Number of rows in tags: 2
[29-Sep-2024 14:18:48 Europe/Berlin] Number of rows in courses: 2
[29-Sep-2024 14:18:48 Europe/Berlin] Number of rows in sections: 5
[29-Sep-2024 14:18:48 Europe/Berlin] Number of rows in lessons: 62
[29-Sep-2024 14:18:48 Europe/Berlin] Database connection successful
[29-Sep-2024 14:18:48 Europe/Berlin] Number of rows in tags: 2
[29-Sep-2024 14:18:48 Europe/Berlin] Number of rows in courses: 2
[29-Sep-2024 14:18:48 Europe/Berlin] Number of rows in sections: 5
[29-Sep-2024 14:18:48 Europe/Berlin] Number of rows in lessons: 62
[29-Sep-2024 14:18:48 Europe/Berlin] Database connection successful
[29-Sep-2024 14:18:48 Europe/Berlin] Number of rows in tags: 2
[29-Sep-2024 14:18:48 Europe/Berlin] Number of rows in courses: 2
[29-Sep-2024 14:18:48 Europe/Berlin] Number of rows in sections: 5
[29-Sep-2024 14:18:48 Europe/Berlin] Number of rows in lessons: 62
[29-Sep-2024 14:18:48 Europe/Berlin] Database connection successful
[29-Sep-2024 14:18:48 Europe/Berlin] Number of rows in tags: 2
[29-Sep-2024 14:18:48 Europe/Berlin] Number of rows in courses: 2
[29-Sep-2024 14:18:48 Europe/Berlin] Number of rows in sections: 5
[29-Sep-2024 14:18:48 Europe/Berlin] Number of rows in lessons: 62
[29-Sep-2024 14:18:48 Europe/Berlin] Database connection successful
[29-Sep-2024 14:18:48 Europe/Berlin] Number of rows in tags: 2
[29-Sep-2024 14:18:48 Europe/Berlin] Number of rows in courses: 2
[29-Sep-2024 14:18:48 Europe/Berlin] Number of rows in sections: 5
[29-Sep-2024 14:18:48 Europe/Berlin] Number of rows in lessons: 62
[29-Sep-2024 14:18:48 Europe/Berlin] Database connection successful
[29-Sep-2024 14:18:48 Europe/Berlin] Number of rows in tags: 2
[29-Sep-2024 14:18:48 Europe/Berlin] Number of rows in courses: 2
[29-Sep-2024 14:18:48 Europe/Berlin] Number of rows in sections: 5
[29-Sep-2024 14:18:48 Europe/Berlin] Number of rows in lessons: 62
[29-Sep-2024 14:18:49 Europe/Berlin] Database connection successful
[29-Sep-2024 14:18:49 Europe/Berlin] Number of rows in tags: 2
[29-Sep-2024 14:18:49 Europe/Berlin] Number of rows in courses: 2
[29-Sep-2024 14:18:49 Europe/Berlin] Number of rows in sections: 5
[29-Sep-2024 14:18:49 Europe/Berlin] Number of rows in lessons: 62
[29-Sep-2024 14:18:49 Europe/Berlin] Database connection successful
[29-Sep-2024 14:18:49 Europe/Berlin] Number of rows in tags: 2
[29-Sep-2024 14:18:49 Europe/Berlin] Number of rows in courses: 2
[29-Sep-2024 14:18:49 Europe/Berlin] Number of rows in sections: 5
[29-Sep-2024 14:18:49 Europe/Berlin] Number of rows in lessons: 62
[29-Sep-2024 14:18:49 Europe/Berlin] Database connection successful
[29-Sep-2024 14:18:49 Europe/Berlin] Number of rows in tags: 2
[29-Sep-2024 14:18:49 Europe/Berlin] Number of rows in courses: 2
[29-Sep-2024 14:18:49 Europe/Berlin] Number of rows in sections: 5
[29-Sep-2024 14:18:49 Europe/Berlin] Number of rows in lessons: 62
[29-Sep-2024 14:20:36 Europe/Berlin] Database connection successful
[29-Sep-2024 14:20:36 Europe/Berlin] Number of rows in tags: 2
[29-Sep-2024 14:20:36 Europe/Berlin] Number of rows in courses: 2
[29-Sep-2024 14:20:36 Europe/Berlin] Number of rows in sections: 5
[29-Sep-2024 14:20:36 Europe/Berlin] Number of rows in lessons: 62
[29-Sep-2024 14:20:36 Europe/Berlin] Database connection successful
[29-Sep-2024 14:20:36 Europe/Berlin] Number of rows in tags: 2
[29-Sep-2024 14:20:36 Europe/Berlin] Number of rows in courses: 2
[29-Sep-2024 14:20:36 Europe/Berlin] Number of rows in sections: 5
[29-Sep-2024 14:20:36 Europe/Berlin] Number of rows in lessons: 62
[29-Sep-2024 14:20:37 Europe/Berlin] Database connection successful
[29-Sep-2024 14:20:37 Europe/Berlin] Number of rows in tags: 2
[29-Sep-2024 14:20:37 Europe/Berlin] Number of rows in courses: 2
[29-Sep-2024 14:20:37 Europe/Berlin] Number of rows in sections: 5
[29-Sep-2024 14:20:37 Europe/Berlin] Number of rows in lessons: 62
[29-Sep-2024 14:34:23 Europe/Berlin] Database connection successful
[29-Sep-2024 14:34:23 Europe/Berlin] Number of rows in tags: 0
[29-Sep-2024 14:34:23 Europe/Berlin] Number of rows in courses: 0
[29-Sep-2024 14:34:23 Europe/Berlin] Number of rows in sections: 0
[29-Sep-2024 14:34:23 Europe/Berlin] Number of rows in lessons: 0
[29-Sep-2024 14:34:23 Europe/Berlin] Fetched 0 languages.
[29-Sep-2024 14:34:23 Europe/Berlin] Fetched 0 courses.
[29-Sep-2024 14:34:23 Europe/Berlin] Fetched 0 sections.
[29-Sep-2024 14:34:23 Europe/Berlin] Database connection successful
[29-Sep-2024 14:34:23 Europe/Berlin] Number of rows in tags: 2
[29-Sep-2024 14:34:23 Europe/Berlin] Number of rows in courses: 2
[29-Sep-2024 14:34:23 Europe/Berlin] Number of rows in sections: 5
[29-Sep-2024 14:34:23 Europe/Berlin] Number of rows in lessons: 62
[29-Sep-2024 14:34:27 Europe/Berlin] Database connection successful
[29-Sep-2024 14:34:27 Europe/Berlin] Number of rows in tags: 2
[29-Sep-2024 14:34:27 Europe/Berlin] Number of rows in courses: 2
[29-Sep-2024 14:34:27 Europe/Berlin] Number of rows in sections: 5
[29-Sep-2024 14:34:27 Europe/Berlin] Number of rows in lessons: 62
[29-Sep-2024 14:34:28 Europe/Berlin] Database connection successful
[29-Sep-2024 14:34:28 Europe/Berlin] Number of rows in tags: 2
[29-Sep-2024 14:34:28 Europe/Berlin] Number of rows in courses: 2
[29-Sep-2024 14:34:28 Europe/Berlin] Number of rows in sections: 5
[29-Sep-2024 14:34:28 Europe/Berlin] Number of rows in lessons: 62
[29-Sep-2024 14:34:46 Europe/Berlin] Database connection successful
[29-Sep-2024 14:34:46 Europe/Berlin] Number of rows in tags: 2
[29-Sep-2024 14:34:46 Europe/Berlin] Number of rows in courses: 2
[29-Sep-2024 14:34:46 Europe/Berlin] Number of rows in sections: 5
[29-Sep-2024 14:34:46 Europe/Berlin] Number of rows in lessons: 62
[29-Sep-2024 14:34:46 Europe/Berlin] Fetched 2 languages.
[29-Sep-2024 14:34:46 Europe/Berlin] Fetched 2 courses.
[29-Sep-2024 14:34:46 Europe/Berlin] Fetched 5 sections.
[29-Sep-2024 14:34:46 Europe/Berlin] Database connection successful
[29-Sep-2024 14:34:46 Europe/Berlin] Number of rows in tags: 2
[29-Sep-2024 14:34:46 Europe/Berlin] Number of rows in courses: 2
[29-Sep-2024 14:34:46 Europe/Berlin] Number of rows in sections: 5
[29-Sep-2024 14:34:46 Europe/Berlin] Number of rows in lessons: 62
[29-Sep-2024 14:34:49 Europe/Berlin] Database connection successful
[29-Sep-2024 14:34:49 Europe/Berlin] Number of rows in tags: 2
[29-Sep-2024 14:34:49 Europe/Berlin] Number of rows in courses: 2
[29-Sep-2024 14:34:49 Europe/Berlin] Number of rows in sections: 5
[29-Sep-2024 14:34:49 Europe/Berlin] Number of rows in lessons: 62
[29-Sep-2024 14:34:53 Europe/Berlin] Database connection successful
[29-Sep-2024 14:34:53 Europe/Berlin] Number of rows in tags: 2
[29-Sep-2024 14:34:53 Europe/Berlin] Number of rows in courses: 2
[29-Sep-2024 14:34:53 Europe/Berlin] Number of rows in sections: 5
[29-Sep-2024 14:34:53 Europe/Berlin] Number of rows in lessons: 62
[29-Sep-2024 14:34:54 Europe/Berlin] Database connection successful
[29-Sep-2024 14:34:54 Europe/Berlin] Number of rows in tags: 2
[29-Sep-2024 14:34:54 Europe/Berlin] Number of rows in courses: 2
[29-Sep-2024 14:34:54 Europe/Berlin] Number of rows in sections: 5
[29-Sep-2024 14:34:54 Europe/Berlin] Number of rows in lessons: 62
[29-Sep-2024 14:34:54 Europe/Berlin] Database connection successful
[29-Sep-2024 14:34:54 Europe/Berlin] Number of rows in tags: 2
[29-Sep-2024 14:34:54 Europe/Berlin] Number of rows in courses: 2
[29-Sep-2024 14:34:54 Europe/Berlin] Number of rows in sections: 5
[29-Sep-2024 14:34:54 Europe/Berlin] Number of rows in lessons: 62
[29-Sep-2024 14:34:55 Europe/Berlin] Database connection successful
[29-Sep-2024 14:34:55 Europe/Berlin] Number of rows in tags: 2
[29-Sep-2024 14:34:55 Europe/Berlin] Number of rows in courses: 2
[29-Sep-2024 14:34:55 Europe/Berlin] Number of rows in sections: 5
[29-Sep-2024 14:34:55 Europe/Berlin] Number of rows in lessons: 62
[29-Sep-2024 14:34:57 Europe/Berlin] Database connection successful
[29-Sep-2024 14:34:57 Europe/Berlin] Number of rows in tags: 2
[29-Sep-2024 14:34:57 Europe/Berlin] Number of rows in courses: 2
[29-Sep-2024 14:34:57 Europe/Berlin] Number of rows in sections: 5
[29-Sep-2024 14:34:57 Europe/Berlin] Number of rows in lessons: 62
[29-Sep-2024 14:34:58 Europe/Berlin] Database connection successful
[29-Sep-2024 14:34:58 Europe/Berlin] Number of rows in tags: 2
[29-Sep-2024 14:34:58 Europe/Berlin] Number of rows in courses: 2
[29-Sep-2024 14:34:58 Europe/Berlin] Number of rows in sections: 5
[29-Sep-2024 14:34:58 Europe/Berlin] Number of rows in lessons: 62
[29-Sep-2024 14:34:59 Europe/Berlin] Database connection successful
[29-Sep-2024 14:34:59 Europe/Berlin] Number of rows in tags: 2
[29-Sep-2024 14:34:59 Europe/Berlin] Number of rows in courses: 2
[29-Sep-2024 14:34:59 Europe/Berlin] Number of rows in sections: 5
[29-Sep-2024 14:34:59 Europe/Berlin] Number of rows in lessons: 62
[29-Sep-2024 14:35:11 Europe/Berlin] Database connection successful
[29-Sep-2024 14:35:11 Europe/Berlin] Number of rows in tags: 2
[29-Sep-2024 14:35:11 Europe/Berlin] Number of rows in courses: 2
[29-Sep-2024 14:35:11 Europe/Berlin] Number of rows in sections: 5
[29-Sep-2024 14:35:11 Europe/Berlin] Number of rows in lessons: 62
[29-Sep-2024 14:35:12 Europe/Berlin] Database connection successful
[29-Sep-2024 14:35:12 Europe/Berlin] Number of rows in tags: 2
[29-Sep-2024 14:35:12 Europe/Berlin] Number of rows in courses: 2
[29-Sep-2024 14:35:12 Europe/Berlin] Number of rows in sections: 5
[29-Sep-2024 14:35:12 Europe/Berlin] Number of rows in lessons: 62
[29-Sep-2024 14:35:13 Europe/Berlin] Database connection successful
[29-Sep-2024 14:35:13 Europe/Berlin] Number of rows in tags: 2
[29-Sep-2024 14:35:13 Europe/Berlin] Number of rows in courses: 2
[29-Sep-2024 14:35:13 Europe/Berlin] Number of rows in sections: 5
[29-Sep-2024 14:35:13 Europe/Berlin] Number of rows in lessons: 62
[29-Sep-2024 14:35:13 Europe/Berlin] Database connection successful
[29-Sep-2024 14:35:13 Europe/Berlin] Number of rows in tags: 2
[29-Sep-2024 14:35:13 Europe/Berlin] Number of rows in courses: 2
[29-Sep-2024 14:35:13 Europe/Berlin] Number of rows in sections: 5
[29-Sep-2024 14:35:13 Europe/Berlin] Number of rows in lessons: 62
[29-Sep-2024 14:35:13 Europe/Berlin] Database connection successful
[29-Sep-2024 14:35:13 Europe/Berlin] Number of rows in tags: 2
[29-Sep-2024 14:35:13 Europe/Berlin] Number of rows in courses: 2
[29-Sep-2024 14:35:13 Europe/Berlin] Number of rows in sections: 5
[29-Sep-2024 14:35:13 Europe/Berlin] Number of rows in lessons: 62
[29-Sep-2024 14:35:13 Europe/Berlin] Database connection successful
[29-Sep-2024 14:35:13 Europe/Berlin] Number of rows in tags: 2
[29-Sep-2024 14:35:13 Europe/Berlin] Number of rows in courses: 2
[29-Sep-2024 14:35:13 Europe/Berlin] Number of rows in sections: 5
[29-Sep-2024 14:35:13 Europe/Berlin] Number of rows in lessons: 62
[29-Sep-2024 14:35:14 Europe/Berlin] Database connection successful
[29-Sep-2024 14:35:14 Europe/Berlin] Number of rows in tags: 2
[29-Sep-2024 14:35:14 Europe/Berlin] Number of rows in courses: 2
[29-Sep-2024 14:35:14 Europe/Berlin] Number of rows in sections: 5
[29-Sep-2024 14:35:14 Europe/Berlin] Number of rows in lessons: 62
[29-Sep-2024 14:36:17 Europe/Berlin] Database connection successful
[29-Sep-2024 14:36:17 Europe/Berlin] Number of rows in tags: 0
[29-Sep-2024 14:36:17 Europe/Berlin] Number of rows in courses: 0
[29-Sep-2024 14:36:17 Europe/Berlin] Number of rows in sections: 0
[29-Sep-2024 14:36:17 Europe/Berlin] Number of rows in lessons: 0
[29-Sep-2024 14:36:17 Europe/Berlin] Fetched 0 languages.
[29-Sep-2024 14:36:17 Europe/Berlin] Fetched 0 courses.
[29-Sep-2024 14:36:17 Europe/Berlin] Fetched 0 sections.
[29-Sep-2024 14:36:18 Europe/Berlin] Database connection successful
[29-Sep-2024 14:36:18 Europe/Berlin] Number of rows in tags: 2
[29-Sep-2024 14:36:18 Europe/Berlin] Number of rows in courses: 2
[29-Sep-2024 14:36:18 Europe/Berlin] Number of rows in sections: 5
[29-Sep-2024 14:36:18 Europe/Berlin] Number of rows in lessons: 62
[29-Sep-2024 14:36:47 Europe/Berlin] Database connection successful
[29-Sep-2024 14:36:47 Europe/Berlin] Number of rows in tags: 2
[29-Sep-2024 14:36:47 Europe/Berlin] Number of rows in courses: 2
[29-Sep-2024 14:36:47 Europe/Berlin] Number of rows in sections: 5
[29-Sep-2024 14:36:47 Europe/Berlin] Number of rows in lessons: 62
[29-Sep-2024 14:36:47 Europe/Berlin] Fetched 2 languages.
[29-Sep-2024 14:36:47 Europe/Berlin] Fetched 2 courses.
[29-Sep-2024 14:36:47 Europe/Berlin] Fetched 5 sections.
[29-Sep-2024 14:36:47 Europe/Berlin] Database connection successful
[29-Sep-2024 14:36:47 Europe/Berlin] Number of rows in tags: 2
[29-Sep-2024 14:36:47 Europe/Berlin] Number of rows in courses: 2
[29-Sep-2024 14:36:47 Europe/Berlin] Number of rows in sections: 5
[29-Sep-2024 14:36:47 Europe/Berlin] Number of rows in lessons: 62
[29-Sep-2024 14:36:51 Europe/Berlin] Database connection successful
[29-Sep-2024 14:36:51 Europe/Berlin] Number of rows in tags: 2
[29-Sep-2024 14:36:51 Europe/Berlin] Number of rows in courses: 2
[29-Sep-2024 14:36:51 Europe/Berlin] Number of rows in sections: 5
[29-Sep-2024 14:36:51 Europe/Berlin] Number of rows in lessons: 62
[29-Sep-2024 14:36:52 Europe/Berlin] Database connection successful
[29-Sep-2024 14:36:52 Europe/Berlin] Number of rows in tags: 2
[29-Sep-2024 14:36:52 Europe/Berlin] Number of rows in courses: 2
[29-Sep-2024 14:36:52 Europe/Berlin] Number of rows in sections: 5
[29-Sep-2024 14:36:52 Europe/Berlin] Number of rows in lessons: 62
[29-Sep-2024 14:36:52 Europe/Berlin] Database connection successful
[29-Sep-2024 14:36:52 Europe/Berlin] Number of rows in tags: 2
[29-Sep-2024 14:36:52 Europe/Berlin] Number of rows in courses: 2
[29-Sep-2024 14:36:52 Europe/Berlin] Number of rows in sections: 5
[29-Sep-2024 14:36:52 Europe/Berlin] Number of rows in lessons: 62
[29-Sep-2024 14:36:53 Europe/Berlin] Database connection successful
[29-Sep-2024 14:36:53 Europe/Berlin] Number of rows in tags: 2
[29-Sep-2024 14:36:53 Europe/Berlin] Number of rows in courses: 2
[29-Sep-2024 14:36:53 Europe/Berlin] Number of rows in sections: 5
[29-Sep-2024 14:36:53 Europe/Berlin] Number of rows in lessons: 62
[29-Sep-2024 14:36:55 Europe/Berlin] Database connection successful
[29-Sep-2024 14:36:55 Europe/Berlin] Number of rows in tags: 2
[29-Sep-2024 14:36:55 Europe/Berlin] Number of rows in courses: 2
[29-Sep-2024 14:36:55 Europe/Berlin] Number of rows in sections: 5
[29-Sep-2024 14:36:55 Europe/Berlin] Number of rows in lessons: 62
[29-Sep-2024 14:36:55 Europe/Berlin] Fetched 2 languages.
[29-Sep-2024 14:36:55 Europe/Berlin] Fetched 2 courses.
[29-Sep-2024 14:36:55 Europe/Berlin] Fetched 5 sections.
[29-Sep-2024 14:36:55 Europe/Berlin] Database connection successful
[29-Sep-2024 14:36:55 Europe/Berlin] Number of rows in tags: 2
[29-Sep-2024 14:36:55 Europe/Berlin] Number of rows in courses: 2
[29-Sep-2024 14:36:55 Europe/Berlin] Number of rows in sections: 5
[29-Sep-2024 14:36:55 Europe/Berlin] Number of rows in lessons: 62
[29-Sep-2024 14:39:17 Europe/Berlin] Database connection successful
[29-Sep-2024 14:39:17 Europe/Berlin] Number of rows in tags: 2
[29-Sep-2024 14:39:17 Europe/Berlin] Number of rows in courses: 2
[29-Sep-2024 14:39:17 Europe/Berlin] Number of rows in sections: 5
[29-Sep-2024 14:39:17 Europe/Berlin] Number of rows in lessons: 62
[29-Sep-2024 14:39:17 Europe/Berlin] Fetched 2 languages.
[29-Sep-2024 14:39:17 Europe/Berlin] Fetched 2 courses.
[29-Sep-2024 14:39:17 Europe/Berlin] Fetched 5 sections.
[29-Sep-2024 14:39:17 Europe/Berlin] Database connection successful
[29-Sep-2024 14:39:17 Europe/Berlin] Number of rows in tags: 2
[29-Sep-2024 14:39:17 Europe/Berlin] Number of rows in courses: 2
[29-Sep-2024 14:39:17 Europe/Berlin] Number of rows in sections: 5
[29-Sep-2024 14:39:17 Europe/Berlin] Number of rows in lessons: 62
[29-Sep-2024 14:39:18 Europe/Berlin] Database connection successful
[29-Sep-2024 14:39:18 Europe/Berlin] Number of rows in tags: 2
[29-Sep-2024 14:39:18 Europe/Berlin] Number of rows in courses: 2
[29-Sep-2024 14:39:18 Europe/Berlin] Number of rows in sections: 5
[29-Sep-2024 14:39:18 Europe/Berlin] Number of rows in lessons: 62
[29-Sep-2024 14:39:18 Europe/Berlin] Fetched 2 languages.
[29-Sep-2024 14:39:18 Europe/Berlin] Fetched 2 courses.
[29-Sep-2024 14:39:18 Europe/Berlin] Fetched 5 sections.
[29-Sep-2024 14:39:18 Europe/Berlin] Database connection successful
[29-Sep-2024 14:39:18 Europe/Berlin] Number of rows in tags: 2
[29-Sep-2024 14:39:18 Europe/Berlin] Number of rows in courses: 2
[29-Sep-2024 14:39:18 Europe/Berlin] Number of rows in sections: 5
[29-Sep-2024 14:39:18 Europe/Berlin] Number of rows in lessons: 62
[29-Sep-2024 14:40:12 Europe/Berlin] Database connection successful
[29-Sep-2024 14:40:12 Europe/Berlin] Number of rows in tags: 2
[29-Sep-2024 14:40:12 Europe/Berlin] Number of rows in courses: 2
[29-Sep-2024 14:40:12 Europe/Berlin] Number of rows in sections: 5
[29-Sep-2024 14:40:12 Europe/Berlin] Number of rows in lessons: 62
[29-Sep-2024 14:40:12 Europe/Berlin] Database connection successful
[29-Sep-2024 14:40:12 Europe/Berlin] Number of rows in tags: 2
[29-Sep-2024 14:40:12 Europe/Berlin] Number of rows in courses: 2
[29-Sep-2024 14:40:12 Europe/Berlin] Number of rows in sections: 5
[29-Sep-2024 14:40:12 Europe/Berlin] Number of rows in lessons: 62
[29-Sep-2024 14:40:13 Europe/Berlin] Database connection successful
[29-Sep-2024 14:40:13 Europe/Berlin] Number of rows in tags: 2
[29-Sep-2024 14:40:13 Europe/Berlin] Number of rows in courses: 2
[29-Sep-2024 14:40:13 Europe/Berlin] Number of rows in sections: 5
[29-Sep-2024 14:40:13 Europe/Berlin] Number of rows in lessons: 62
[29-Sep-2024 14:40:13 Europe/Berlin] Database connection successful
[29-Sep-2024 14:40:13 Europe/Berlin] Number of rows in tags: 2
[29-Sep-2024 14:40:13 Europe/Berlin] Number of rows in courses: 2
[29-Sep-2024 14:40:13 Europe/Berlin] Number of rows in sections: 5
[29-Sep-2024 14:40:13 Europe/Berlin] Number of rows in lessons: 62
[29-Sep-2024 14:40:20 Europe/Berlin] Database connection successful
[29-Sep-2024 14:40:20 Europe/Berlin] Number of rows in tags: 2
[29-Sep-2024 14:40:20 Europe/Berlin] Number of rows in courses: 2
[29-Sep-2024 14:40:20 Europe/Berlin] Number of rows in sections: 5
[29-Sep-2024 14:40:20 Europe/Berlin] Number of rows in lessons: 62
[29-Sep-2024 14:40:20 Europe/Berlin] Database connection successful
[29-Sep-2024 14:40:20 Europe/Berlin] Number of rows in tags: 2
[29-Sep-2024 14:40:20 Europe/Berlin] Number of rows in courses: 2
[29-Sep-2024 14:40:20 Europe/Berlin] Number of rows in sections: 5
[29-Sep-2024 14:40:20 Europe/Berlin] Number of rows in lessons: 62
[29-Sep-2024 14:41:50 Europe/Berlin] Database connection successful
[29-Sep-2024 14:41:50 Europe/Berlin] Number of rows in tags: 2
[29-Sep-2024 14:41:50 Europe/Berlin] Number of rows in courses: 2
[29-Sep-2024 14:41:50 Europe/Berlin] Number of rows in sections: 5
[29-Sep-2024 14:41:50 Europe/Berlin] Number of rows in lessons: 62
[29-Sep-2024 14:41:50 Europe/Berlin] Fetched 2 languages.
[29-Sep-2024 14:41:50 Europe/Berlin] Fetched 2 courses.
[29-Sep-2024 14:41:50 Europe/Berlin] Fetched 5 sections.
[29-Sep-2024 14:42:09 Europe/Berlin] Database connection successful
[29-Sep-2024 14:42:09 Europe/Berlin] Number of rows in tags: 2
[29-Sep-2024 14:42:09 Europe/Berlin] Number of rows in courses: 2
[29-Sep-2024 14:42:09 Europe/Berlin] Number of rows in sections: 5
[29-Sep-2024 14:42:09 Europe/Berlin] Number of rows in lessons: 62
[29-Sep-2024 14:42:09 Europe/Berlin] Fetched 2 languages.
[29-Sep-2024 14:42:09 Europe/Berlin] Fetched 2 courses.
[29-Sep-2024 14:42:09 Europe/Berlin] Fetched 5 sections.
[29-Sep-2024 14:42:09 Europe/Berlin] Database connection successful
[29-Sep-2024 14:42:09 Europe/Berlin] Number of rows in tags: 2
[29-Sep-2024 14:42:09 Europe/Berlin] Number of rows in courses: 2
[29-Sep-2024 14:42:09 Europe/Berlin] Number of rows in sections: 5
[29-Sep-2024 14:42:09 Europe/Berlin] Number of rows in lessons: 62
[29-Sep-2024 14:42:19 Europe/Berlin] Database connection successful
[29-Sep-2024 14:42:19 Europe/Berlin] Number of rows in tags: 2
[29-Sep-2024 14:42:19 Europe/Berlin] Number of rows in courses: 2
[29-Sep-2024 14:42:19 Europe/Berlin] Number of rows in sections: 5
[29-Sep-2024 14:42:19 Europe/Berlin] Number of rows in lessons: 62
[29-Sep-2024 14:42:23 Europe/Berlin] Database connection successful
[29-Sep-2024 14:42:23 Europe/Berlin] Number of rows in tags: 2
[29-Sep-2024 14:42:23 Europe/Berlin] Number of rows in courses: 2
[29-Sep-2024 14:42:23 Europe/Berlin] Number of rows in sections: 5
[29-Sep-2024 14:42:23 Europe/Berlin] Number of rows in lessons: 62
[29-Sep-2024 14:42:25 Europe/Berlin] Database connection successful
[29-Sep-2024 14:42:25 Europe/Berlin] Number of rows in tags: 2
[29-Sep-2024 14:42:25 Europe/Berlin] Number of rows in courses: 2
[29-Sep-2024 14:42:25 Europe/Berlin] Number of rows in sections: 5
[29-Sep-2024 14:42:25 Europe/Berlin] Number of rows in lessons: 62
[29-Sep-2024 14:42:25 Europe/Berlin] Database connection successful
[29-Sep-2024 14:42:25 Europe/Berlin] Number of rows in tags: 2
[29-Sep-2024 14:42:25 Europe/Berlin] Number of rows in courses: 2
[29-Sep-2024 14:42:25 Europe/Berlin] Number of rows in sections: 5
[29-Sep-2024 14:42:25 Europe/Berlin] Number of rows in lessons: 62
[29-Sep-2024 14:42:26 Europe/Berlin] Database connection successful
[29-Sep-2024 14:42:26 Europe/Berlin] Number of rows in tags: 2
[29-Sep-2024 14:42:26 Europe/Berlin] Number of rows in courses: 2
[29-Sep-2024 14:42:26 Europe/Berlin] Number of rows in sections: 5
[29-Sep-2024 14:42:26 Europe/Berlin] Number of rows in lessons: 62
[29-Sep-2024 14:45:09 Europe/Berlin] Database connection successful
[29-Sep-2024 14:45:09 Europe/Berlin] Number of rows in tags: 2
[29-Sep-2024 14:45:09 Europe/Berlin] Number of rows in courses: 2
[29-Sep-2024 14:45:09 Europe/Berlin] Number of rows in sections: 5
[29-Sep-2024 14:45:09 Europe/Berlin] Number of rows in lessons: 62
[29-Sep-2024 14:45:09 Europe/Berlin] Fetched 2 languages.
[29-Sep-2024 14:45:09 Europe/Berlin] Fetched 2 courses.
[29-Sep-2024 14:45:09 Europe/Berlin] Fetched 5 sections.
[29-Sep-2024 14:45:09 Europe/Berlin] Database connection successful
[29-Sep-2024 14:45:09 Europe/Berlin] Number of rows in tags: 2
[29-Sep-2024 14:45:09 Europe/Berlin] Number of rows in courses: 2
[29-Sep-2024 14:45:09 Europe/Berlin] Number of rows in sections: 5
[29-Sep-2024 14:45:09 Europe/Berlin] Number of rows in lessons: 62
[29-Sep-2024 14:45:14 Europe/Berlin] Database connection successful
[29-Sep-2024 14:45:14 Europe/Berlin] Number of rows in tags: 2
[29-Sep-2024 14:45:14 Europe/Berlin] Number of rows in courses: 2
[29-Sep-2024 14:45:14 Europe/Berlin] Number of rows in sections: 5
[29-Sep-2024 14:45:14 Europe/Berlin] Number of rows in lessons: 62
[29-Sep-2024 14:45:15 Europe/Berlin] Database connection successful
[29-Sep-2024 14:45:15 Europe/Berlin] Number of rows in tags: 2
[29-Sep-2024 14:45:15 Europe/Berlin] Number of rows in courses: 2
[29-Sep-2024 14:45:15 Europe/Berlin] Number of rows in sections: 5
[29-Sep-2024 14:45:15 Europe/Berlin] Number of rows in lessons: 62
[29-Sep-2024 14:45:16 Europe/Berlin] Database connection successful
[29-Sep-2024 14:45:16 Europe/Berlin] Number of rows in tags: 2
[29-Sep-2024 14:45:16 Europe/Berlin] Number of rows in courses: 2
[29-Sep-2024 14:45:16 Europe/Berlin] Number of rows in sections: 5
[29-Sep-2024 14:45:16 Europe/Berlin] Number of rows in lessons: 62
[29-Sep-2024 14:45:16 Europe/Berlin] Database connection successful
[29-Sep-2024 14:45:16 Europe/Berlin] Number of rows in tags: 2
[29-Sep-2024 14:45:16 Europe/Berlin] Number of rows in courses: 2
[29-Sep-2024 14:45:16 Europe/Berlin] Number of rows in sections: 5
[29-Sep-2024 14:45:16 Europe/Berlin] Number of rows in lessons: 62
[29-Sep-2024 14:45:18 Europe/Berlin] Database connection successful
[29-Sep-2024 14:45:18 Europe/Berlin] Number of rows in tags: 2
[29-Sep-2024 14:45:18 Europe/Berlin] Number of rows in courses: 2
[29-Sep-2024 14:45:18 Europe/Berlin] Number of rows in sections: 5
[29-Sep-2024 14:45:18 Europe/Berlin] Number of rows in lessons: 62
[29-Sep-2024 14:45:19 Europe/Berlin] Database connection successful
[29-Sep-2024 14:45:19 Europe/Berlin] Number of rows in tags: 2
[29-Sep-2024 14:45:19 Europe/Berlin] Number of rows in courses: 2
[29-Sep-2024 14:45:19 Europe/Berlin] Number of rows in sections: 5
[29-Sep-2024 14:45:19 Europe/Berlin] Number of rows in lessons: 62
[29-Sep-2024 14:45:19 Europe/Berlin] Database connection successful
[29-Sep-2024 14:45:19 Europe/Berlin] Number of rows in tags: 2
[29-Sep-2024 14:45:19 Europe/Berlin] Number of rows in courses: 2
[29-Sep-2024 14:45:19 Europe/Berlin] Number of rows in sections: 5
[29-Sep-2024 14:45:19 Europe/Berlin] Number of rows in lessons: 62
[29-Sep-2024 14:45:20 Europe/Berlin] Database connection successful
[29-Sep-2024 14:45:20 Europe/Berlin] Number of rows in tags: 2
[29-Sep-2024 14:45:20 Europe/Berlin] Number of rows in courses: 2
[29-Sep-2024 14:45:20 Europe/Berlin] Number of rows in sections: 5
[29-Sep-2024 14:45:20 Europe/Berlin] Number of rows in lessons: 62
[29-Sep-2024 14:45:20 Europe/Berlin] Database connection successful
[29-Sep-2024 14:45:20 Europe/Berlin] Number of rows in tags: 2
[29-Sep-2024 14:45:20 Europe/Berlin] Number of rows in courses: 2
[29-Sep-2024 14:45:20 Europe/Berlin] Number of rows in sections: 5
[29-Sep-2024 14:45:20 Europe/Berlin] Number of rows in lessons: 62
[29-Sep-2024 14:45:21 Europe/Berlin] Database connection successful
[29-Sep-2024 14:45:21 Europe/Berlin] Number of rows in tags: 2
[29-Sep-2024 14:45:21 Europe/Berlin] Number of rows in courses: 2
[29-Sep-2024 14:45:21 Europe/Berlin] Number of rows in sections: 5
[29-Sep-2024 14:45:21 Europe/Berlin] Number of rows in lessons: 62
[29-Sep-2024 14:45:23 Europe/Berlin] Database connection successful
[29-Sep-2024 14:45:23 Europe/Berlin] Number of rows in tags: 2
[29-Sep-2024 14:45:23 Europe/Berlin] Number of rows in courses: 2
[29-Sep-2024 14:45:23 Europe/Berlin] Number of rows in sections: 5
[29-Sep-2024 14:45:23 Europe/Berlin] Number of rows in lessons: 62
[29-Sep-2024 14:45:28 Europe/Berlin] Database connection successful
[29-Sep-2024 14:45:28 Europe/Berlin] Number of rows in tags: 2
[29-Sep-2024 14:45:28 Europe/Berlin] Number of rows in courses: 2
[29-Sep-2024 14:45:28 Europe/Berlin] Number of rows in sections: 5
[29-Sep-2024 14:45:28 Europe/Berlin] Number of rows in lessons: 62
[29-Sep-2024 14:45:28 Europe/Berlin] Database connection successful
[29-Sep-2024 14:45:28 Europe/Berlin] Number of rows in tags: 2
[29-Sep-2024 14:45:28 Europe/Berlin] Number of rows in courses: 2
[29-Sep-2024 14:45:28 Europe/Berlin] Number of rows in sections: 5
[29-Sep-2024 14:45:28 Europe/Berlin] Number of rows in lessons: 62
[29-Sep-2024 14:45:29 Europe/Berlin] Database connection successful
[29-Sep-2024 14:45:29 Europe/Berlin] Number of rows in tags: 2
[29-Sep-2024 14:45:29 Europe/Berlin] Number of rows in courses: 2
[29-Sep-2024 14:45:29 Europe/Berlin] Number of rows in sections: 5
[29-Sep-2024 14:45:29 Europe/Berlin] Number of rows in lessons: 62
[29-Sep-2024 14:45:30 Europe/Berlin] Database connection successful
[29-Sep-2024 14:45:30 Europe/Berlin] Number of rows in tags: 2
[29-Sep-2024 14:45:30 Europe/Berlin] Number of rows in courses: 2
[29-Sep-2024 14:45:30 Europe/Berlin] Number of rows in sections: 5
[29-Sep-2024 14:45:30 Europe/Berlin] Number of rows in lessons: 62
[29-Sep-2024 14:45:30 Europe/Berlin] Database connection successful
[29-Sep-2024 14:45:30 Europe/Berlin] Number of rows in tags: 2
[29-Sep-2024 14:45:30 Europe/Berlin] Number of rows in courses: 2
[29-Sep-2024 14:45:30 Europe/Berlin] Number of rows in sections: 5
[29-Sep-2024 14:45:30 Europe/Berlin] Number of rows in lessons: 62
[29-Sep-2024 14:45:30 Europe/Berlin] Database connection successful
[29-Sep-2024 14:45:30 Europe/Berlin] Number of rows in tags: 2
[29-Sep-2024 14:45:30 Europe/Berlin] Number of rows in courses: 2
[29-Sep-2024 14:45:30 Europe/Berlin] Number of rows in sections: 5
[29-Sep-2024 14:45:30 Europe/Berlin] Number of rows in lessons: 62
[29-Sep-2024 14:45:30 Europe/Berlin] Fetched 2 languages.
[29-Sep-2024 14:45:30 Europe/Berlin] Fetched 2 courses.
[29-Sep-2024 14:45:30 Europe/Berlin] Fetched 5 sections.
[29-Sep-2024 14:45:31 Europe/Berlin] Database connection successful
[29-Sep-2024 14:45:31 Europe/Berlin] Number of rows in tags: 2
[29-Sep-2024 14:45:31 Europe/Berlin] Number of rows in courses: 2
[29-Sep-2024 14:45:31 Europe/Berlin] Number of rows in sections: 5
[29-Sep-2024 14:45:31 Europe/Berlin] Number of rows in lessons: 62
[29-Sep-2024 20:23:03 Europe/Berlin] Database connection successful
[29-Sep-2024 20:23:03 Europe/Berlin] Number of rows in tags: 2
[29-Sep-2024 20:23:03 Europe/Berlin] Number of rows in courses: 2
[29-Sep-2024 20:23:03 Europe/Berlin] Number of rows in sections: 5
[29-Sep-2024 20:23:03 Europe/Berlin] Number of rows in lessons: 62
[29-Sep-2024 20:23:03 Europe/Berlin] Fetched 2 languages.
[29-Sep-2024 20:23:03 Europe/Berlin] Fetched 2 courses.
[29-Sep-2024 20:23:03 Europe/Berlin] Fetched 5 sections.
[29-Sep-2024 20:23:04 Europe/Berlin] Database connection successful
[29-Sep-2024 20:23:04 Europe/Berlin] Number of rows in tags: 2
[29-Sep-2024 20:23:04 Europe/Berlin] Number of rows in courses: 2
[29-Sep-2024 20:23:04 Europe/Berlin] Number of rows in sections: 5
[29-Sep-2024 20:23:04 Europe/Berlin] Number of rows in lessons: 62
[29-Sep-2024 20:23:24 Europe/Berlin] Database connection successful
[29-Sep-2024 20:23:24 Europe/Berlin] Number of rows in tags: 2
[29-Sep-2024 20:23:24 Europe/Berlin] Number of rows in courses: 2
[29-Sep-2024 20:23:24 Europe/Berlin] Number of rows in sections: 5
[29-Sep-2024 20:23:24 Europe/Berlin] Number of rows in lessons: 62
[29-Sep-2024 20:23:25 Europe/Berlin] Database connection successful
[29-Sep-2024 20:23:25 Europe/Berlin] Number of rows in tags: 2
[29-Sep-2024 20:23:25 Europe/Berlin] Number of rows in courses: 2
[29-Sep-2024 20:23:25 Europe/Berlin] Number of rows in sections: 5
[29-Sep-2024 20:23:25 Europe/Berlin] Number of rows in lessons: 62
[29-Sep-2024 20:23:26 Europe/Berlin] Database connection successful
[29-Sep-2024 20:23:26 Europe/Berlin] Number of rows in tags: 2
[29-Sep-2024 20:23:26 Europe/Berlin] Number of rows in courses: 2
[29-Sep-2024 20:23:26 Europe/Berlin] Number of rows in sections: 5
[29-Sep-2024 20:23:26 Europe/Berlin] Number of rows in lessons: 62
[29-Sep-2024 20:23:26 Europe/Berlin] Database connection successful
[29-Sep-2024 20:23:26 Europe/Berlin] Number of rows in tags: 2
[29-Sep-2024 20:23:26 Europe/Berlin] Number of rows in courses: 2
[29-Sep-2024 20:23:26 Europe/Berlin] Number of rows in sections: 5
[29-Sep-2024 20:23:26 Europe/Berlin] Number of rows in lessons: 62
[29-Sep-2024 20:23:26 Europe/Berlin] Database connection successful
[29-Sep-2024 20:23:26 Europe/Berlin] Number of rows in tags: 2
[29-Sep-2024 20:23:26 Europe/Berlin] Number of rows in courses: 2
[29-Sep-2024 20:23:26 Europe/Berlin] Number of rows in sections: 5
[29-Sep-2024 20:23:26 Europe/Berlin] Number of rows in lessons: 62
[29-Sep-2024 20:23:26 Europe/Berlin] Database connection successful
[29-Sep-2024 20:23:26 Europe/Berlin] Number of rows in tags: 2
[29-Sep-2024 20:23:26 Europe/Berlin] Number of rows in courses: 2
[29-Sep-2024 20:23:26 Europe/Berlin] Number of rows in sections: 5
[29-Sep-2024 20:23:26 Europe/Berlin] Number of rows in lessons: 62
[29-Sep-2024 20:23:27 Europe/Berlin] Database connection successful
[29-Sep-2024 20:23:27 Europe/Berlin] Number of rows in tags: 2
[29-Sep-2024 20:23:27 Europe/Berlin] Number of rows in courses: 2
[29-Sep-2024 20:23:27 Europe/Berlin] Number of rows in sections: 5
[29-Sep-2024 20:23:27 Europe/Berlin] Number of rows in lessons: 62
[29-Sep-2024 20:23:27 Europe/Berlin] Database connection successful
[29-Sep-2024 20:23:27 Europe/Berlin] Number of rows in tags: 2
[29-Sep-2024 20:23:27 Europe/Berlin] Number of rows in courses: 2
[29-Sep-2024 20:23:27 Europe/Berlin] Number of rows in sections: 5
[29-Sep-2024 20:23:27 Europe/Berlin] Number of rows in lessons: 62
[29-Sep-2024 20:34:57 Europe/Berlin] Database connection successful
[29-Sep-2024 20:34:57 Europe/Berlin] Number of rows in tags: 2
[29-Sep-2024 20:34:57 Europe/Berlin] Number of rows in courses: 2
[29-Sep-2024 20:34:57 Europe/Berlin] Number of rows in sections: 5
[29-Sep-2024 20:34:57 Europe/Berlin] Number of rows in lessons: 62
[29-Sep-2024 20:34:57 Europe/Berlin] Fetched 2 languages.
[29-Sep-2024 20:34:57 Europe/Berlin] Fetched 2 courses.
[29-Sep-2024 20:34:57 Europe/Berlin] Fetched 5 sections.
[29-Sep-2024 20:34:57 Europe/Berlin] Database connection successful
[29-Sep-2024 20:34:57 Europe/Berlin] Number of rows in tags: 2
[29-Sep-2024 20:34:57 Europe/Berlin] Number of rows in courses: 2
[29-Sep-2024 20:34:57 Europe/Berlin] Number of rows in sections: 5
[29-Sep-2024 20:34:57 Europe/Berlin] Number of rows in lessons: 62
[29-Sep-2024 20:35:01 Europe/Berlin] Database connection successful
[29-Sep-2024 20:35:01 Europe/Berlin] Number of rows in tags: 2
[29-Sep-2024 20:35:01 Europe/Berlin] Number of rows in courses: 2
[29-Sep-2024 20:35:01 Europe/Berlin] Number of rows in sections: 5
[29-Sep-2024 20:35:01 Europe/Berlin] Number of rows in lessons: 62
[29-Sep-2024 20:35:03 Europe/Berlin] Database connection successful
[29-Sep-2024 20:35:03 Europe/Berlin] Number of rows in tags: 2
[29-Sep-2024 20:35:03 Europe/Berlin] Number of rows in courses: 2
[29-Sep-2024 20:35:03 Europe/Berlin] Number of rows in sections: 5
[29-Sep-2024 20:35:03 Europe/Berlin] Number of rows in lessons: 62
[29-Sep-2024 20:35:06 Europe/Berlin] Database connection successful
[29-Sep-2024 20:35:06 Europe/Berlin] Number of rows in tags: 2
[29-Sep-2024 20:35:06 Europe/Berlin] Number of rows in courses: 2
[29-Sep-2024 20:35:06 Europe/Berlin] Number of rows in sections: 5
[29-Sep-2024 20:35:06 Europe/Berlin] Number of rows in lessons: 62
[29-Sep-2024 20:35:07 Europe/Berlin] Database connection successful
[29-Sep-2024 20:35:07 Europe/Berlin] Number of rows in tags: 2
[29-Sep-2024 20:35:07 Europe/Berlin] Number of rows in courses: 2
[29-Sep-2024 20:35:07 Europe/Berlin] Number of rows in sections: 5
[29-Sep-2024 20:35:07 Europe/Berlin] Number of rows in lessons: 62
[29-Sep-2024 20:35:08 Europe/Berlin] Database connection successful
[29-Sep-2024 20:35:08 Europe/Berlin] Number of rows in tags: 2
[29-Sep-2024 20:35:08 Europe/Berlin] Number of rows in courses: 2
[29-Sep-2024 20:35:08 Europe/Berlin] Number of rows in sections: 5
[29-Sep-2024 20:35:08 Europe/Berlin] Number of rows in lessons: 62
[29-Sep-2024 20:35:09 Europe/Berlin] Database connection successful
[29-Sep-2024 20:35:09 Europe/Berlin] Number of rows in tags: 2
[29-Sep-2024 20:35:09 Europe/Berlin] Number of rows in courses: 2
[29-Sep-2024 20:35:09 Europe/Berlin] Number of rows in sections: 5
[29-Sep-2024 20:35:09 Europe/Berlin] Number of rows in lessons: 62
[29-Sep-2024 20:35:09 Europe/Berlin] Database connection successful
[29-Sep-2024 20:35:09 Europe/Berlin] Number of rows in tags: 2
[29-Sep-2024 20:35:09 Europe/Berlin] Number of rows in courses: 2
[29-Sep-2024 20:35:09 Europe/Berlin] Number of rows in sections: 5
[29-Sep-2024 20:35:09 Europe/Berlin] Number of rows in lessons: 62
[29-Sep-2024 20:35:16 Europe/Berlin] Database connection successful
[29-Sep-2024 20:35:16 Europe/Berlin] Number of rows in tags: 2
[29-Sep-2024 20:35:16 Europe/Berlin] Number of rows in courses: 2
[29-Sep-2024 20:35:16 Europe/Berlin] Number of rows in sections: 5
[29-Sep-2024 20:35:16 Europe/Berlin] Number of rows in lessons: 62
[29-Sep-2024 20:35:25 Europe/Berlin] Database connection successful
[29-Sep-2024 20:35:25 Europe/Berlin] Number of rows in tags: 2
[29-Sep-2024 20:35:25 Europe/Berlin] Number of rows in courses: 2
[29-Sep-2024 20:35:25 Europe/Berlin] Number of rows in sections: 5
[29-Sep-2024 20:35:25 Europe/Berlin] Number of rows in lessons: 62
[29-Sep-2024 20:35:26 Europe/Berlin] Database connection successful
[29-Sep-2024 20:35:26 Europe/Berlin] Number of rows in tags: 2
[29-Sep-2024 20:35:26 Europe/Berlin] Number of rows in courses: 2
[29-Sep-2024 20:35:26 Europe/Berlin] Number of rows in sections: 5
[29-Sep-2024 20:35:26 Europe/Berlin] Number of rows in lessons: 62
[29-Sep-2024 20:35:27 Europe/Berlin] Database connection successful
[29-Sep-2024 20:35:27 Europe/Berlin] Number of rows in tags: 2
[29-Sep-2024 20:35:27 Europe/Berlin] Number of rows in courses: 2
[29-Sep-2024 20:35:27 Europe/Berlin] Number of rows in sections: 5
[29-Sep-2024 20:35:27 Europe/Berlin] Number of rows in lessons: 62
[29-Sep-2024 20:35:28 Europe/Berlin] Database connection successful
[29-Sep-2024 20:35:28 Europe/Berlin] Number of rows in tags: 2
[29-Sep-2024 20:35:28 Europe/Berlin] Number of rows in courses: 2
[29-Sep-2024 20:35:28 Europe/Berlin] Number of rows in sections: 5
[29-Sep-2024 20:35:28 Europe/Berlin] Number of rows in lessons: 62
[29-Sep-2024 20:35:28 Europe/Berlin] Database connection successful
[29-Sep-2024 20:35:28 Europe/Berlin] Number of rows in tags: 2
[29-Sep-2024 20:35:28 Europe/Berlin] Number of rows in courses: 2
[29-Sep-2024 20:35:28 Europe/Berlin] Number of rows in sections: 5
[29-Sep-2024 20:35:28 Europe/Berlin] Number of rows in lessons: 62
[29-Sep-2024 20:35:29 Europe/Berlin] Database connection successful
[29-Sep-2024 20:35:29 Europe/Berlin] Number of rows in tags: 2
[29-Sep-2024 20:35:29 Europe/Berlin] Number of rows in courses: 2
[29-Sep-2024 20:35:29 Europe/Berlin] Number of rows in sections: 5
[29-Sep-2024 20:35:29 Europe/Berlin] Number of rows in lessons: 62
[29-Sep-2024 20:35:30 Europe/Berlin] Database connection successful
[29-Sep-2024 20:35:30 Europe/Berlin] Number of rows in tags: 2
[29-Sep-2024 20:35:30 Europe/Berlin] Number of rows in courses: 2
[29-Sep-2024 20:35:30 Europe/Berlin] Number of rows in sections: 5
[29-Sep-2024 20:35:30 Europe/Berlin] Number of rows in lessons: 62
[29-Sep-2024 20:35:30 Europe/Berlin] Database connection successful
[29-Sep-2024 20:35:30 Europe/Berlin] Number of rows in tags: 2
[29-Sep-2024 20:35:30 Europe/Berlin] Number of rows in courses: 2
[29-Sep-2024 20:35:30 Europe/Berlin] Number of rows in sections: 5
[29-Sep-2024 20:35:30 Europe/Berlin] Number of rows in lessons: 62
[29-Sep-2024 20:35:30 Europe/Berlin] Database connection successful
[29-Sep-2024 20:35:30 Europe/Berlin] Number of rows in tags: 2
[29-Sep-2024 20:35:30 Europe/Berlin] Number of rows in courses: 2
[29-Sep-2024 20:35:30 Europe/Berlin] Number of rows in sections: 5
[29-Sep-2024 20:35:30 Europe/Berlin] Number of rows in lessons: 62
[29-Sep-2024 20:35:31 Europe/Berlin] Database connection successful
[29-Sep-2024 20:35:31 Europe/Berlin] Number of rows in tags: 2
[29-Sep-2024 20:35:31 Europe/Berlin] Number of rows in courses: 2
[29-Sep-2024 20:35:31 Europe/Berlin] Number of rows in sections: 5
[29-Sep-2024 20:35:31 Europe/Berlin] Number of rows in lessons: 62
[29-Sep-2024 20:35:33 Europe/Berlin] Database connection successful
[29-Sep-2024 20:35:33 Europe/Berlin] Number of rows in tags: 2
[29-Sep-2024 20:35:33 Europe/Berlin] Number of rows in courses: 2
[29-Sep-2024 20:35:33 Europe/Berlin] Number of rows in sections: 5
[29-Sep-2024 20:35:33 Europe/Berlin] Number of rows in lessons: 62
[29-Sep-2024 20:35:37 Europe/Berlin] Database connection successful
[29-Sep-2024 20:35:37 Europe/Berlin] Number of rows in tags: 2
[29-Sep-2024 20:35:37 Europe/Berlin] Number of rows in courses: 2
[29-Sep-2024 20:35:37 Europe/Berlin] Number of rows in sections: 5
[29-Sep-2024 20:35:37 Europe/Berlin] Number of rows in lessons: 62
[29-Sep-2024 20:35:37 Europe/Berlin] Database connection successful
[29-Sep-2024 20:35:37 Europe/Berlin] Number of rows in tags: 2
[29-Sep-2024 20:35:37 Europe/Berlin] Number of rows in courses: 2
[29-Sep-2024 20:35:37 Europe/Berlin] Number of rows in sections: 5
[29-Sep-2024 20:35:37 Europe/Berlin] Number of rows in lessons: 62
[29-Sep-2024 20:35:38 Europe/Berlin] Database connection successful
[29-Sep-2024 20:35:38 Europe/Berlin] Number of rows in tags: 2
[29-Sep-2024 20:35:38 Europe/Berlin] Number of rows in courses: 2
[29-Sep-2024 20:35:38 Europe/Berlin] Number of rows in sections: 5
[29-Sep-2024 20:35:38 Europe/Berlin] Number of rows in lessons: 62
[29-Sep-2024 20:35:39 Europe/Berlin] Database connection successful
[29-Sep-2024 20:35:39 Europe/Berlin] Number of rows in tags: 2
[29-Sep-2024 20:35:39 Europe/Berlin] Number of rows in courses: 2
[29-Sep-2024 20:35:39 Europe/Berlin] Number of rows in sections: 5
[29-Sep-2024 20:35:39 Europe/Berlin] Number of rows in lessons: 62
[29-Sep-2024 20:35:40 Europe/Berlin] Database connection successful
[29-Sep-2024 20:35:40 Europe/Berlin] Number of rows in tags: 2
[29-Sep-2024 20:35:40 Europe/Berlin] Number of rows in courses: 2
[29-Sep-2024 20:35:40 Europe/Berlin] Number of rows in sections: 5
[29-Sep-2024 20:35:40 Europe/Berlin] Number of rows in lessons: 62
[29-Sep-2024 20:35:41 Europe/Berlin] Database connection successful
[29-Sep-2024 20:35:41 Europe/Berlin] Number of rows in tags: 2
[29-Sep-2024 20:35:41 Europe/Berlin] Number of rows in courses: 2
[29-Sep-2024 20:35:41 Europe/Berlin] Number of rows in sections: 5
[29-Sep-2024 20:35:41 Europe/Berlin] Number of rows in lessons: 62
[29-Sep-2024 20:35:41 Europe/Berlin] Database connection successful
[29-Sep-2024 20:35:41 Europe/Berlin] Number of rows in tags: 2
[29-Sep-2024 20:35:41 Europe/Berlin] Number of rows in courses: 2
[29-Sep-2024 20:35:41 Europe/Berlin] Number of rows in sections: 5
[29-Sep-2024 20:35:41 Europe/Berlin] Number of rows in lessons: 62
[29-Sep-2024 20:35:42 Europe/Berlin] Database connection successful
[29-Sep-2024 20:35:42 Europe/Berlin] Number of rows in tags: 2
[29-Sep-2024 20:35:42 Europe/Berlin] Number of rows in courses: 2
[29-Sep-2024 20:35:42 Europe/Berlin] Number of rows in sections: 5
[29-Sep-2024 20:35:42 Europe/Berlin] Number of rows in lessons: 62
[29-Sep-2024 20:35:43 Europe/Berlin] Database connection successful
[29-Sep-2024 20:35:43 Europe/Berlin] Number of rows in tags: 2
[29-Sep-2024 20:35:43 Europe/Berlin] Number of rows in courses: 2
[29-Sep-2024 20:35:43 Europe/Berlin] Number of rows in sections: 5
[29-Sep-2024 20:35:43 Europe/Berlin] Number of rows in lessons: 62
[29-Sep-2024 20:35:43 Europe/Berlin] Database connection successful
[29-Sep-2024 20:35:43 Europe/Berlin] Number of rows in tags: 2
[29-Sep-2024 20:35:43 Europe/Berlin] Number of rows in courses: 2
[29-Sep-2024 20:35:43 Europe/Berlin] Number of rows in sections: 5
[29-Sep-2024 20:35:43 Europe/Berlin] Number of rows in lessons: 62
[29-Sep-2024 20:35:44 Europe/Berlin] Database connection successful
[29-Sep-2024 20:35:44 Europe/Berlin] Number of rows in tags: 2
[29-Sep-2024 20:35:44 Europe/Berlin] Number of rows in courses: 2
[29-Sep-2024 20:35:44 Europe/Berlin] Number of rows in sections: 5
[29-Sep-2024 20:35:44 Europe/Berlin] Number of rows in lessons: 62
[29-Sep-2024 20:35:45 Europe/Berlin] Database connection successful
[29-Sep-2024 20:35:45 Europe/Berlin] Number of rows in tags: 2
[29-Sep-2024 20:35:45 Europe/Berlin] Number of rows in courses: 2
[29-Sep-2024 20:35:45 Europe/Berlin] Number of rows in sections: 5
[29-Sep-2024 20:35:45 Europe/Berlin] Number of rows in lessons: 62
[29-Sep-2024 20:35:54 Europe/Berlin] Database connection successful
[29-Sep-2024 20:35:54 Europe/Berlin] Number of rows in tags: 2
[29-Sep-2024 20:35:54 Europe/Berlin] Number of rows in courses: 2
[29-Sep-2024 20:35:54 Europe/Berlin] Number of rows in sections: 5
[29-Sep-2024 20:35:54 Europe/Berlin] Number of rows in lessons: 62
[29-Sep-2024 20:35:58 Europe/Berlin] Database connection successful
[29-Sep-2024 20:35:58 Europe/Berlin] Number of rows in tags: 2
[29-Sep-2024 20:35:58 Europe/Berlin] Number of rows in courses: 2
[29-Sep-2024 20:35:58 Europe/Berlin] Number of rows in sections: 5
[29-Sep-2024 20:35:58 Europe/Berlin] Number of rows in lessons: 62
[29-Sep-2024 20:35:59 Europe/Berlin] Database connection successful
[29-Sep-2024 20:35:59 Europe/Berlin] Number of rows in tags: 2
[29-Sep-2024 20:35:59 Europe/Berlin] Number of rows in courses: 2
[29-Sep-2024 20:35:59 Europe/Berlin] Number of rows in sections: 5
[29-Sep-2024 20:35:59 Europe/Berlin] Number of rows in lessons: 62
[29-Sep-2024 20:36:00 Europe/Berlin] Database connection successful
[29-Sep-2024 20:36:00 Europe/Berlin] Number of rows in tags: 2
[29-Sep-2024 20:36:00 Europe/Berlin] Number of rows in courses: 2
[29-Sep-2024 20:36:00 Europe/Berlin] Number of rows in sections: 5
[29-Sep-2024 20:36:00 Europe/Berlin] Number of rows in lessons: 62
[29-Sep-2024 20:36:00 Europe/Berlin] Database connection successful
[29-Sep-2024 20:36:00 Europe/Berlin] Number of rows in tags: 2
[29-Sep-2024 20:36:00 Europe/Berlin] Number of rows in courses: 2
[29-Sep-2024 20:36:00 Europe/Berlin] Number of rows in sections: 5
[29-Sep-2024 20:36:00 Europe/Berlin] Number of rows in lessons: 62
[29-Sep-2024 20:36:06 Europe/Berlin] Database connection successful
[29-Sep-2024 20:36:06 Europe/Berlin] Number of rows in tags: 2
[29-Sep-2024 20:36:06 Europe/Berlin] Number of rows in courses: 2
[29-Sep-2024 20:36:06 Europe/Berlin] Number of rows in sections: 5
[29-Sep-2024 20:36:06 Europe/Berlin] Number of rows in lessons: 62
[29-Sep-2024 20:36:12 Europe/Berlin] Database connection successful
[29-Sep-2024 20:36:12 Europe/Berlin] Number of rows in tags: 2
[29-Sep-2024 20:36:12 Europe/Berlin] Number of rows in courses: 2
[29-Sep-2024 20:36:12 Europe/Berlin] Number of rows in sections: 5
[29-Sep-2024 20:36:12 Europe/Berlin] Number of rows in lessons: 62
[29-Sep-2024 20:36:12 Europe/Berlin] Fetched 2 languages.
[29-Sep-2024 20:36:12 Europe/Berlin] Fetched 2 courses.
[29-Sep-2024 20:36:12 Europe/Berlin] Fetched 5 sections.
[29-Sep-2024 20:36:13 Europe/Berlin] Database connection successful
[29-Sep-2024 20:36:13 Europe/Berlin] Number of rows in tags: 2
[29-Sep-2024 20:36:13 Europe/Berlin] Number of rows in courses: 2
[29-Sep-2024 20:36:13 Europe/Berlin] Number of rows in sections: 5
[29-Sep-2024 20:36:13 Europe/Berlin] Number of rows in lessons: 62
